{"/home/eng1n3/Documents/on_board/adam-onboard/src/app.module.ts": {"path":"/home/eng1n3/Documents/on_board/adam-onboard/src/app.module.ts","statementMap":{"0":{"start":{"line":2,"column":0},"end":{"line":2,"column":40}},"1":{"start":{"line":3,"column":0},"end":{"line":3,"column":48}},"2":{"start":{"line":4,"column":0},"end":{"line":4,"column":28}},"3":{"start":{"line":5,"column":0},"end":{"line":5,"column":51}},"4":{"start":{"line":6,"column":0},"end":{"line":6,"column":57}},"5":{"start":{"line":7,"column":0},"end":{"line":7,"column":60}},"6":{"start":{"line":8,"column":0},"end":{"line":8,"column":57}},"7":{"start":{"line":9,"column":0},"end":{"line":9,"column":48}},"8":{"start":{"line":10,"column":0},"end":{"line":10,"column":61}},"9":{"start":{"line":11,"column":0},"end":{"line":11,"column":61}},"10":{"start":{"line":12,"column":0},"end":{"line":12,"column":59}},"11":{"start":{"line":13,"column":0},"end":{"line":13,"column":63}},"12":{"start":{"line":14,"column":0},"end":{"line":14,"column":60}},"13":{"start":{"line":15,"column":0},"end":{"line":15,"column":57}},"14":{"start":{"line":16,"column":0},"end":{"line":16,"column":64}},"15":{"start":{"line":62,"column":7},"end":{"line":62,"column":null}},"16":{"start":{"line":62,"column":13},"end":{"line":62,"column":null}},"17":{"start":{"line":34,"column":8},"end":{"line":49,"column":10}},"18":{"start":{"line":62,"column":13},"end":{"line":62,"column":22}}},"fnMap":{"0":{"name":"(anonymous_1)","decl":{"start":{"line":33,"column":18},"end":{"line":33,"column":23}},"loc":{"start":{"line":33,"column":57},"end":{"line":50,"column":7}}}},"branchMap":{},"s":{"0":1,"1":1,"2":1,"3":1,"4":1,"5":1,"6":1,"7":1,"8":1,"9":1,"10":1,"11":1,"12":1,"13":1,"14":1,"15":1,"16":1,"17":1,"18":1},"f":{"0":1},"b":{}}
,"/home/eng1n3/Documents/on_board/adam-onboard/src/auth/auth.module.ts": {"path":"/home/eng1n3/Documents/on_board/adam-onboard/src/auth/auth.module.ts","statementMap":{"0":{"start":{"line":1,"column":0},"end":{"line":1,"column":40}},"1":{"start":{"line":2,"column":0},"end":{"line":2,"column":61}},"2":{"start":{"line":3,"column":0},"end":{"line":3,"column":40}},"3":{"start":{"line":4,"column":0},"end":{"line":4,"column":50}},"4":{"start":{"line":5,"column":0},"end":{"line":5,"column":53}},"5":{"start":{"line":6,"column":0},"end":{"line":6,"column":47}},"6":{"start":{"line":7,"column":0},"end":{"line":7,"column":45}},"7":{"start":{"line":8,"column":0},"end":{"line":8,"column":79}},"8":{"start":{"line":9,"column":0},"end":{"line":9,"column":56}},"9":{"start":{"line":10,"column":0},"end":{"line":10,"column":70}},"10":{"start":{"line":11,"column":0},"end":{"line":11,"column":69}},"11":{"start":{"line":12,"column":0},"end":{"line":12,"column":71}},"12":{"start":{"line":43,"column":7},"end":{"line":43,"column":null}},"13":{"start":{"line":43,"column":13},"end":{"line":43,"column":null}},"14":{"start":{"line":22,"column":8},"end":{"line":27,"column":10}},"15":{"start":{"line":43,"column":13},"end":{"line":43,"column":23}}},"fnMap":{"0":{"name":"(anonymous_1)","decl":{"start":{"line":21,"column":18},"end":{"line":21,"column":19}},"loc":{"start":{"line":21,"column":51},"end":{"line":28,"column":7}}}},"branchMap":{},"s":{"0":1,"1":1,"2":1,"3":1,"4":1,"5":1,"6":1,"7":1,"8":1,"9":1,"10":1,"11":1,"12":1,"13":1,"14":1,"15":1},"f":{"0":1},"b":{}}
,"/home/eng1n3/Documents/on_board/adam-onboard/src/auth/auth.resolver.ts": {"path":"/home/eng1n3/Documents/on_board/adam-onboard/src/auth/auth.resolver.ts","statementMap":{"0":{"start":{"line":1,"column":0},"end":{"line":1,"column":72}},"1":{"start":{"line":2,"column":0},"end":{"line":2,"column":null}},"2":{"start":{"line":10,"column":0},"end":{"line":10,"column":75}},"3":{"start":{"line":11,"column":0},"end":{"line":11,"column":62}},"4":{"start":{"line":12,"column":0},"end":{"line":12,"column":51}},"5":{"start":{"line":13,"column":0},"end":{"line":13,"column":54}},"6":{"start":{"line":14,"column":0},"end":{"line":14,"column":45}},"7":{"start":{"line":15,"column":0},"end":{"line":15,"column":66}},"8":{"start":{"line":16,"column":0},"end":{"line":16,"column":81}},"9":{"start":{"line":17,"column":0},"end":{"line":17,"column":70}},"10":{"start":{"line":18,"column":0},"end":{"line":18,"column":68}},"11":{"start":{"line":19,"column":0},"end":{"line":19,"column":50}},"12":{"start":{"line":20,"column":0},"end":{"line":20,"column":61}},"13":{"start":{"line":23,"column":0},"end":{"line":23,"column":70}},"14":{"start":{"line":26,"column":27},"end":{"line":26,"column":40}},"15":{"start":{"line":29,"column":7},"end":{"line":146,"column":null}},"16":{"start":{"line":30,"column":22},"end":{"line":30,"column":35}},"17":{"start":{"line":34,"column":4},"end":{"line":38,"column":null}},"18":{"start":{"line":35,"column":6},"end":{"line":35,"column":66}},"19":{"start":{"line":37,"column":6},"end":{"line":37,"column":18}},"20":{"start":{"line":45,"column":4},"end":{"line":49,"column":null}},"21":{"start":{"line":46,"column":6},"end":{"line":46,"column":39}},"22":{"start":{"line":48,"column":6},"end":{"line":48,"column":18}},"23":{"start":{"line":54,"column":4},"end":{"line":58,"column":null}},"24":{"start":{"line":55,"column":6},"end":{"line":55,"column":35}},"25":{"start":{"line":57,"column":6},"end":{"line":57,"column":18}},"26":{"start":{"line":63,"column":4},"end":{"line":67,"column":null}},"27":{"start":{"line":64,"column":6},"end":{"line":64,"column":34}},"28":{"start":{"line":66,"column":6},"end":{"line":66,"column":18}},"29":{"start":{"line":74,"column":4},"end":{"line":80,"column":null}},"30":{"start":{"line":75,"column":20},"end":{"line":75,"column":54}},"31":{"start":{"line":76,"column":27},"end":{"line":76,"column":62}},"32":{"start":{"line":77,"column":6},"end":{"line":77,"column":37}},"33":{"start":{"line":79,"column":6},"end":{"line":79,"column":18}},"34":{"start":{"line":90,"column":4},"end":{"line":98,"column":null}},"35":{"start":{"line":91,"column":6},"end":{"line":94,"column":8}},"36":{"start":{"line":95,"column":6},"end":{"line":95,"column":39}},"37":{"start":{"line":97,"column":6},"end":{"line":97,"column":18}},"38":{"start":{"line":103,"column":4},"end":{"line":111,"column":null}},"39":{"start":{"line":104,"column":19},"end":{"line":104,"column":57}},"40":{"start":{"line":105,"column":6},"end":{"line":106,"column":63}},"41":{"start":{"line":106,"column":8},"end":{"line":106,"column":63}},"42":{"start":{"line":107,"column":6},"end":{"line":107,"column":45}},"43":{"start":{"line":108,"column":6},"end":{"line":108,"column":35}},"44":{"start":{"line":110,"column":6},"end":{"line":110,"column":18}},"45":{"start":{"line":121,"column":4},"end":{"line":127,"column":null}},"46":{"start":{"line":122,"column":20},"end":{"line":122,"column":54}},"47":{"start":{"line":123,"column":27},"end":{"line":123,"column":62}},"48":{"start":{"line":124,"column":6},"end":{"line":124,"column":37}},"49":{"start":{"line":126,"column":6},"end":{"line":126,"column":18}},"50":{"start":{"line":138,"column":4},"end":{"line":144,"column":null}},"51":{"start":{"line":139,"column":20},"end":{"line":139,"column":54}},"52":{"start":{"line":140,"column":27},"end":{"line":140,"column":62}},"53":{"start":{"line":141,"column":6},"end":{"line":141,"column":37}},"54":{"start":{"line":143,"column":6},"end":{"line":143,"column":18}},"55":{"start":{"line":33,"column":8},"end":{"line":39,"column":null}},"56":{"start":{"line":32,"column":25},"end":{"line":32,"column":31}},"57":{"start":{"line":44,"column":8},"end":{"line":50,"column":null}},"58":{"start":{"line":43,"column":25},"end":{"line":43,"column":31}},"59":{"start":{"line":53,"column":8},"end":{"line":59,"column":null}},"60":{"start":{"line":52,"column":25},"end":{"line":52,"column":31}},"61":{"start":{"line":62,"column":8},"end":{"line":68,"column":null}},"62":{"start":{"line":61,"column":25},"end":{"line":61,"column":31}},"63":{"start":{"line":73,"column":8},"end":{"line":81,"column":null}},"64":{"start":{"line":72,"column":22},"end":{"line":72,"column":32}},"65":{"start":{"line":86,"column":8},"end":{"line":99,"column":null}},"66":{"start":{"line":85,"column":25},"end":{"line":85,"column":31}},"67":{"start":{"line":102,"column":8},"end":{"line":112,"column":null}},"68":{"start":{"line":101,"column":25},"end":{"line":101,"column":40}},"69":{"start":{"line":116,"column":8},"end":{"line":128,"column":null}},"70":{"start":{"line":115,"column":25},"end":{"line":115,"column":35}},"71":{"start":{"line":132,"column":8},"end":{"line":145,"column":null}},"72":{"start":{"line":131,"column":25},"end":{"line":131,"column":35}},"73":{"start":{"line":29,"column":13},"end":{"line":146,"column":null}},"74":{"start":{"line":29,"column":13},"end":{"line":29,"column":25}}},"fnMap":{"0":{"name":"(anonymous_4)","decl":{"start":{"line":30,"column":2},"end":{"line":30,"column":22}},"loc":{"start":{"line":30,"column":46},"end":{"line":30,"column":50}}},"1":{"name":"(anonymous_5)","decl":{"start":{"line":33,"column":2},"end":{"line":33,"column":7}},"loc":{"start":{"line":33,"column":25},"end":{"line":39,"column":3}}},"2":{"name":"(anonymous_6)","decl":{"start":{"line":44,"column":2},"end":{"line":44,"column":7}},"loc":{"start":{"line":44,"column":29},"end":{"line":50,"column":3}}},"3":{"name":"(anonymous_7)","decl":{"start":{"line":53,"column":2},"end":{"line":53,"column":7}},"loc":{"start":{"line":53,"column":25},"end":{"line":59,"column":3}}},"4":{"name":"(anonymous_8)","decl":{"start":{"line":62,"column":2},"end":{"line":62,"column":7}},"loc":{"start":{"line":62,"column":24},"end":{"line":68,"column":3}}},"5":{"name":"(anonymous_9)","decl":{"start":{"line":73,"column":2},"end":{"line":73,"column":7}},"loc":{"start":{"line":73,"column":46},"end":{"line":81,"column":3}}},"6":{"name":"(anonymous_10)","decl":{"start":{"line":86,"column":2},"end":{"line":86,"column":7}},"loc":{"start":{"line":88,"column":59},"end":{"line":99,"column":3}}},"7":{"name":"(anonymous_11)","decl":{"start":{"line":102,"column":2},"end":{"line":102,"column":7}},"loc":{"start":{"line":102,"column":47},"end":{"line":112,"column":3}}},"8":{"name":"(anonymous_12)","decl":{"start":{"line":116,"column":2},"end":{"line":116,"column":7}},"loc":{"start":{"line":119,"column":38},"end":{"line":128,"column":3}}},"9":{"name":"(anonymous_13)","decl":{"start":{"line":132,"column":2},"end":{"line":132,"column":7}},"loc":{"start":{"line":136,"column":38},"end":{"line":145,"column":3}}},"10":{"name":"(anonymous_14)","decl":{"start":{"line":32,"column":12},"end":{"line":32,"column":13}},"loc":{"start":{"line":32,"column":25},"end":{"line":32,"column":31}}},"11":{"name":"(anonymous_15)","decl":{"start":{"line":43,"column":12},"end":{"line":43,"column":13}},"loc":{"start":{"line":43,"column":25},"end":{"line":43,"column":31}}},"12":{"name":"(anonymous_16)","decl":{"start":{"line":52,"column":12},"end":{"line":52,"column":13}},"loc":{"start":{"line":52,"column":25},"end":{"line":52,"column":31}}},"13":{"name":"(anonymous_17)","decl":{"start":{"line":61,"column":12},"end":{"line":61,"column":13}},"loc":{"start":{"line":61,"column":25},"end":{"line":61,"column":31}}},"14":{"name":"(anonymous_18)","decl":{"start":{"line":72,"column":9},"end":{"line":72,"column":10}},"loc":{"start":{"line":72,"column":22},"end":{"line":72,"column":32}}},"15":{"name":"(anonymous_19)","decl":{"start":{"line":85,"column":12},"end":{"line":85,"column":13}},"loc":{"start":{"line":85,"column":25},"end":{"line":85,"column":31}}},"16":{"name":"(anonymous_20)","decl":{"start":{"line":101,"column":12},"end":{"line":101,"column":13}},"loc":{"start":{"line":101,"column":25},"end":{"line":101,"column":40}}},"17":{"name":"(anonymous_21)","decl":{"start":{"line":115,"column":12},"end":{"line":115,"column":13}},"loc":{"start":{"line":115,"column":25},"end":{"line":115,"column":35}}},"18":{"name":"(anonymous_22)","decl":{"start":{"line":131,"column":12},"end":{"line":131,"column":13}},"loc":{"start":{"line":131,"column":25},"end":{"line":131,"column":35}}}},"branchMap":{"0":{"loc":{"start":{"line":105,"column":6},"end":{"line":106,"column":63}},"type":"if","locations":[{"start":{"line":105,"column":6},"end":{"line":106,"column":63}}]},"1":{"loc":{"start":{"line":105,"column":10},"end":{"line":105,"column":49}},"type":"binary-expr","locations":[{"start":{"line":105,"column":10},"end":{"line":105,"column":15}},{"start":{"line":105,"column":20},"end":{"line":105,"column":24}},{"start":{"line":105,"column":28},"end":{"line":105,"column":48}}]}},"s":{"0":1,"1":1,"2":1,"3":1,"4":1,"5":1,"6":1,"7":1,"8":1,"9":1,"10":1,"11":1,"12":1,"13":1,"14":1,"15":1,"16":1,"17":0,"18":0,"19":0,"20":0,"21":0,"22":0,"23":0,"24":0,"25":0,"26":0,"27":0,"28":0,"29":0,"30":0,"31":0,"32":0,"33":0,"34":0,"35":0,"36":0,"37":0,"38":0,"39":0,"40":0,"41":0,"42":0,"43":0,"44":0,"45":0,"46":0,"47":0,"48":0,"49":0,"50":0,"51":0,"52":0,"53":0,"54":0,"55":1,"56":2,"57":1,"58":2,"59":1,"60":2,"61":1,"62":2,"63":1,"64":2,"65":1,"66":2,"67":1,"68":2,"69":1,"70":2,"71":1,"72":2,"73":1,"74":1},"f":{"0":1,"1":0,"2":0,"3":0,"4":0,"5":0,"6":0,"7":0,"8":0,"9":0,"10":2,"11":2,"12":2,"13":2,"14":2,"15":2,"16":2,"17":2,"18":2},"b":{"0":[0],"1":[0,0,0]}}
,"/home/eng1n3/Documents/on_board/adam-onboard/src/auth/auth.service.ts": {"path":"/home/eng1n3/Documents/on_board/adam-onboard/src/auth/auth.service.ts","statementMap":{"0":{"start":{"line":3,"column":0},"end":{"line":3,"column":44}},"1":{"start":{"line":5,"column":0},"end":{"line":5,"column":55}},"2":{"start":{"line":6,"column":0},"end":{"line":6,"column":33}},"3":{"start":{"line":7,"column":0},"end":{"line":7,"column":37}},"4":{"start":{"line":8,"column":0},"end":{"line":8,"column":41}},"5":{"start":{"line":9,"column":0},"end":{"line":9,"column":47}},"6":{"start":{"line":10,"column":0},"end":{"line":10,"column":59}},"7":{"start":{"line":13,"column":7},"end":{"line":130,"column":null}},"8":{"start":{"line":17,"column":12},"end":{"line":17,"column":27}},"9":{"start":{"line":18,"column":12},"end":{"line":18,"column":26}},"10":{"start":{"line":19,"column":12},"end":{"line":19,"column":24}},"11":{"start":{"line":14,"column":10},"end":{"line":14,"column":41}},"12":{"start":{"line":23,"column":20},"end":{"line":27,"column":6}},"13":{"start":{"line":28,"column":19},"end":{"line":29,"column":null}},"14":{"start":{"line":31,"column":22},"end":{"line":32,"column":null}},"15":{"start":{"line":34,"column":33},"end":{"line":37,"column":6}},"16":{"start":{"line":38,"column":4},"end":{"line":38,"column":24}},"17":{"start":{"line":42,"column":4},"end":{"line":47,"column":null}},"18":{"start":{"line":43,"column":27},"end":{"line":43,"column":68}},"19":{"start":{"line":44,"column":6},"end":{"line":44,"column":67}},"20":{"start":{"line":46,"column":6},"end":{"line":46,"column":18}},"21":{"start":{"line":51,"column":4},"end":{"line":78,"column":null}},"22":{"start":{"line":52,"column":22},"end":{"line":56,"column":8}},"23":{"start":{"line":57,"column":26},"end":{"line":57,"column":77}},"24":{"start":{"line":58,"column":21},"end":{"line":58,"column":59}},"25":{"start":{"line":59,"column":21},"end":{"line":60,"column":null}},"26":{"start":{"line":62,"column":24},"end":{"line":63,"column":null}},"27":{"start":{"line":65,"column":42},"end":{"line":68,"column":8}},"28":{"start":{"line":70,"column":6},"end":{"line":75,"column":9}},"29":{"start":{"line":77,"column":6},"end":{"line":77,"column":18}},"30":{"start":{"line":82,"column":20},"end":{"line":86,"column":6}},"31":{"start":{"line":87,"column":18},"end":{"line":87,"column":47}},"32":{"start":{"line":88,"column":4},"end":{"line":88,"column":17}},"33":{"start":{"line":92,"column":4},"end":{"line":98,"column":null}},"34":{"start":{"line":93,"column":19},"end":{"line":93,"column":64}},"35":{"start":{"line":94,"column":6},"end":{"line":94,"column":28}},"36":{"start":{"line":94,"column":16},"end":{"line":94,"column":28}},"37":{"start":{"line":95,"column":6},"end":{"line":95,"column":18}},"38":{"start":{"line":97,"column":6},"end":{"line":97,"column":18}},"39":{"start":{"line":102,"column":4},"end":{"line":113,"column":null}},"40":{"start":{"line":103,"column":19},"end":{"line":103,"column":64}},"41":{"start":{"line":104,"column":6},"end":{"line":109,"column":null}},"42":{"start":{"line":105,"column":32},"end":{"line":105,"column":77}},"43":{"start":{"line":106,"column":8},"end":{"line":108,"column":null}},"44":{"start":{"line":107,"column":10},"end":{"line":107,"column":22}},"45":{"start":{"line":110,"column":6},"end":{"line":110,"column":18}},"46":{"start":{"line":112,"column":6},"end":{"line":112,"column":18}},"47":{"start":{"line":117,"column":4},"end":{"line":128,"column":null}},"48":{"start":{"line":118,"column":19},"end":{"line":118,"column":64}},"49":{"start":{"line":119,"column":6},"end":{"line":124,"column":null}},"50":{"start":{"line":120,"column":32},"end":{"line":120,"column":77}},"51":{"start":{"line":121,"column":8},"end":{"line":123,"column":null}},"52":{"start":{"line":122,"column":10},"end":{"line":122,"column":22}},"53":{"start":{"line":125,"column":6},"end":{"line":125,"column":18}},"54":{"start":{"line":127,"column":6},"end":{"line":127,"column":18}},"55":{"start":{"line":13,"column":13},"end":{"line":130,"column":null}},"56":{"start":{"line":13,"column":13},"end":{"line":13,"column":24}}},"fnMap":{"0":{"name":"(anonymous_2)","decl":{"start":{"line":16,"column":2},"end":{"line":16,"column":null}},"loc":{"start":{"line":19,"column":34},"end":{"line":20,"column":6}}},"1":{"name":"(anonymous_3)","decl":{"start":{"line":22,"column":2},"end":{"line":22,"column":14}},"loc":{"start":{"line":22,"column":25},"end":{"line":39,"column":3}}},"2":{"name":"(anonymous_4)","decl":{"start":{"line":41,"column":2},"end":{"line":41,"column":7}},"loc":{"start":{"line":41,"column":55},"end":{"line":48,"column":3}}},"3":{"name":"(anonymous_5)","decl":{"start":{"line":50,"column":2},"end":{"line":50,"column":7}},"loc":{"start":{"line":50,"column":28},"end":{"line":79,"column":3}}},"4":{"name":"(anonymous_6)","decl":{"start":{"line":81,"column":2},"end":{"line":81,"column":7}},"loc":{"start":{"line":81,"column":24},"end":{"line":89,"column":3}}},"5":{"name":"(anonymous_7)","decl":{"start":{"line":91,"column":2},"end":{"line":91,"column":7}},"loc":{"start":{"line":91,"column":30},"end":{"line":99,"column":3}}},"6":{"name":"(anonymous_8)","decl":{"start":{"line":101,"column":2},"end":{"line":101,"column":7}},"loc":{"start":{"line":101,"column":53},"end":{"line":114,"column":3}}},"7":{"name":"(anonymous_9)","decl":{"start":{"line":116,"column":2},"end":{"line":116,"column":7}},"loc":{"start":{"line":116,"column":52},"end":{"line":129,"column":3}}}},"branchMap":{"0":{"loc":{"start":{"line":94,"column":6},"end":{"line":94,"column":28}},"type":"if","locations":[{"start":{"line":94,"column":6},"end":{"line":94,"column":28}}]},"1":{"loc":{"start":{"line":104,"column":6},"end":{"line":109,"column":null}},"type":"if","locations":[{"start":{"line":104,"column":6},"end":{"line":109,"column":null}}]},"2":{"loc":{"start":{"line":104,"column":10},"end":{"line":104,"column":39}},"type":"binary-expr","locations":[{"start":{"line":104,"column":10},"end":{"line":104,"column":14}},{"start":{"line":104,"column":18},"end":{"line":104,"column":39}}]},"3":{"loc":{"start":{"line":106,"column":8},"end":{"line":108,"column":null}},"type":"if","locations":[{"start":{"line":106,"column":8},"end":{"line":108,"column":null}}]},"4":{"loc":{"start":{"line":119,"column":6},"end":{"line":124,"column":null}},"type":"if","locations":[{"start":{"line":119,"column":6},"end":{"line":124,"column":null}}]},"5":{"loc":{"start":{"line":119,"column":10},"end":{"line":119,"column":38}},"type":"binary-expr","locations":[{"start":{"line":119,"column":10},"end":{"line":119,"column":14}},{"start":{"line":119,"column":18},"end":{"line":119,"column":38}}]},"6":{"loc":{"start":{"line":121,"column":8},"end":{"line":123,"column":null}},"type":"if","locations":[{"start":{"line":121,"column":8},"end":{"line":123,"column":null}}]}},"s":{"0":1,"1":1,"2":1,"3":1,"4":1,"5":1,"6":1,"7":1,"8":1,"9":1,"10":1,"11":1,"12":0,"13":0,"14":0,"15":0,"16":0,"17":0,"18":0,"19":0,"20":0,"21":0,"22":0,"23":0,"24":0,"25":0,"26":0,"27":0,"28":0,"29":0,"30":0,"31":0,"32":0,"33":0,"34":0,"35":0,"36":0,"37":0,"38":0,"39":0,"40":0,"41":0,"42":0,"43":0,"44":0,"45":0,"46":0,"47":0,"48":0,"49":0,"50":0,"51":0,"52":0,"53":0,"54":0,"55":1,"56":1},"f":{"0":1,"1":0,"2":0,"3":0,"4":0,"5":0,"6":0,"7":0},"b":{"0":[0],"1":[0],"2":[0,0],"3":[0],"4":[0],"5":[0,0],"6":[0]}}
,"/home/eng1n3/Documents/on_board/adam-onboard/src/auth/dto/change-password.input.ts": {"path":"/home/eng1n3/Documents/on_board/adam-onboard/src/auth/dto/change-password.input.ts","statementMap":{"0":{"start":{"line":1,"column":0},"end":{"line":1,"column":54}},"1":{"start":{"line":2,"column":0},"end":{"line":2,"column":65}},"2":{"start":{"line":5,"column":7},"end":{"line":8,"column":null}},"3":{"start":{"line":5,"column":13},"end":{"line":8,"column":null}},"4":{"start":{"line":5,"column":13},"end":{"line":5,"column":32}}},"fnMap":{},"branchMap":{},"s":{"0":1,"1":1,"2":1,"3":1,"4":1},"f":{},"b":{}}
,"/home/eng1n3/Documents/on_board/adam-onboard/src/auth/guards/change-password.auth.guard.ts": {"path":"/home/eng1n3/Documents/on_board/adam-onboard/src/auth/guards/change-password.auth.guard.ts","statementMap":{"0":{"start":{"line":1,"column":0},"end":{"line":1,"column":62}},"1":{"start":{"line":2,"column":0},"end":{"line":2,"column":41}},"2":{"start":{"line":3,"column":0},"end":{"line":3,"column":54}},"3":{"start":{"line":4,"column":0},"end":{"line":4,"column":45}},"4":{"start":{"line":5,"column":0},"end":{"line":5,"column":49}},"5":{"start":{"line":9,"column":7},"end":{"line":35,"column":null}},"6":{"start":{"line":11,"column":4},"end":{"line":11,"column":12}},"7":{"start":{"line":10,"column":22},"end":{"line":10,"column":33}},"8":{"start":{"line":15,"column":4},"end":{"line":28,"column":null}},"9":{"start":{"line":16,"column":6},"end":{"line":16,"column":39}},"10":{"start":{"line":17,"column":18},"end":{"line":17,"column":53}},"11":{"start":{"line":18,"column":28},"end":{"line":20,"column":null}},"12":{"start":{"line":22,"column":6},"end":{"line":22,"column":38}},"13":{"start":{"line":22,"column":26},"end":{"line":22,"column":38}},"14":{"start":{"line":23,"column":22},"end":{"line":23,"column":42}},"15":{"start":{"line":24,"column":19},"end":{"line":24,"column":31}},"16":{"start":{"line":25,"column":6},"end":{"line":25,"column":69}},"17":{"start":{"line":25,"column":42},"end":{"line":25,"column":68}},"18":{"start":{"line":27,"column":6},"end":{"line":27,"column":18}},"19":{"start":{"line":32,"column":16},"end":{"line":32,"column":51}},"20":{"start":{"line":33,"column":4},"end":{"line":33,"column":32}},"21":{"start":{"line":9,"column":13},"end":{"line":35,"column":null}},"22":{"start":{"line":9,"column":13},"end":{"line":9,"column":39}}},"fnMap":{"0":{"name":"(anonymous_2)","decl":{"start":{"line":10,"column":2},"end":{"line":10,"column":22}},"loc":{"start":{"line":10,"column":42},"end":{"line":12,"column":3}}},"1":{"name":"(anonymous_3)","decl":{"start":{"line":14,"column":2},"end":{"line":14,"column":7}},"loc":{"start":{"line":14,"column":45},"end":{"line":29,"column":3}}},"2":{"name":"(anonymous_4)","decl":{"start":{"line":25,"column":32},"end":{"line":25,"column":33}},"loc":{"start":{"line":25,"column":41},"end":{"line":25,"column":68}}},"3":{"name":"(anonymous_5)","decl":{"start":{"line":31,"column":2},"end":{"line":31,"column":12}},"loc":{"start":{"line":31,"column":38},"end":{"line":34,"column":3}}}},"branchMap":{"0":{"loc":{"start":{"line":22,"column":6},"end":{"line":22,"column":38}},"type":"if","locations":[{"start":{"line":22,"column":6},"end":{"line":22,"column":38}}]},"1":{"loc":{"start":{"line":25,"column":42},"end":{"line":25,"column":67}},"type":"cond-expr","locations":[{"start":{"line":25,"column":51},"end":{"line":25,"column":53}},{"start":{"line":25,"column":51},"end":{"line":25,"column":67}}]},"2":{"loc":{"start":{"line":25,"column":42},"end":{"line":25,"column":53}},"type":"binary-expr","locations":[{"start":{"line":25,"column":42},"end":{"line":25,"column":53}},{"start":{"line":25,"column":51},"end":{"line":25,"column":53}}]}},"s":{"0":1,"1":1,"2":1,"3":1,"4":1,"5":1,"6":1,"7":1,"8":0,"9":0,"10":0,"11":0,"12":0,"13":0,"14":0,"15":0,"16":0,"17":0,"18":0,"19":0,"20":0,"21":1,"22":1},"f":{"0":1,"1":0,"2":0,"3":0},"b":{"0":[0],"1":[0,0],"2":[0,0]}}
,"/home/eng1n3/Documents/on_board/adam-onboard/src/auth/guards/jwt-auth.guard.ts": {"path":"/home/eng1n3/Documents/on_board/adam-onboard/src/auth/guards/jwt-auth.guard.ts","statementMap":{"0":{"start":{"line":1,"column":0},"end":{"line":1,"column":62}},"1":{"start":{"line":2,"column":0},"end":{"line":2,"column":41}},"2":{"start":{"line":3,"column":0},"end":{"line":3,"column":54}},"3":{"start":{"line":4,"column":0},"end":{"line":4,"column":45}},"4":{"start":{"line":5,"column":0},"end":{"line":5,"column":49}},"5":{"start":{"line":9,"column":7},"end":{"line":35,"column":null}},"6":{"start":{"line":11,"column":4},"end":{"line":11,"column":12}},"7":{"start":{"line":10,"column":22},"end":{"line":10,"column":33}},"8":{"start":{"line":15,"column":4},"end":{"line":28,"column":null}},"9":{"start":{"line":16,"column":6},"end":{"line":16,"column":39}},"10":{"start":{"line":17,"column":18},"end":{"line":17,"column":53}},"11":{"start":{"line":18,"column":28},"end":{"line":20,"column":null}},"12":{"start":{"line":22,"column":6},"end":{"line":22,"column":38}},"13":{"start":{"line":22,"column":26},"end":{"line":22,"column":38}},"14":{"start":{"line":23,"column":22},"end":{"line":23,"column":42}},"15":{"start":{"line":24,"column":19},"end":{"line":24,"column":31}},"16":{"start":{"line":25,"column":6},"end":{"line":25,"column":69}},"17":{"start":{"line":25,"column":42},"end":{"line":25,"column":68}},"18":{"start":{"line":27,"column":6},"end":{"line":27,"column":18}},"19":{"start":{"line":32,"column":16},"end":{"line":32,"column":51}},"20":{"start":{"line":33,"column":4},"end":{"line":33,"column":32}},"21":{"start":{"line":9,"column":13},"end":{"line":35,"column":null}},"22":{"start":{"line":9,"column":13},"end":{"line":9,"column":25}}},"fnMap":{"0":{"name":"(anonymous_2)","decl":{"start":{"line":10,"column":2},"end":{"line":10,"column":22}},"loc":{"start":{"line":10,"column":42},"end":{"line":12,"column":3}}},"1":{"name":"(anonymous_3)","decl":{"start":{"line":14,"column":2},"end":{"line":14,"column":7}},"loc":{"start":{"line":14,"column":45},"end":{"line":29,"column":3}}},"2":{"name":"(anonymous_4)","decl":{"start":{"line":25,"column":32},"end":{"line":25,"column":33}},"loc":{"start":{"line":25,"column":41},"end":{"line":25,"column":68}}},"3":{"name":"(anonymous_5)","decl":{"start":{"line":31,"column":2},"end":{"line":31,"column":12}},"loc":{"start":{"line":31,"column":38},"end":{"line":34,"column":3}}}},"branchMap":{"0":{"loc":{"start":{"line":22,"column":6},"end":{"line":22,"column":38}},"type":"if","locations":[{"start":{"line":22,"column":6},"end":{"line":22,"column":38}}]},"1":{"loc":{"start":{"line":25,"column":42},"end":{"line":25,"column":67}},"type":"cond-expr","locations":[{"start":{"line":25,"column":51},"end":{"line":25,"column":53}},{"start":{"line":25,"column":51},"end":{"line":25,"column":67}}]},"2":{"loc":{"start":{"line":25,"column":42},"end":{"line":25,"column":53}},"type":"binary-expr","locations":[{"start":{"line":25,"column":42},"end":{"line":25,"column":53}},{"start":{"line":25,"column":51},"end":{"line":25,"column":53}}]}},"s":{"0":1,"1":1,"2":1,"3":1,"4":1,"5":1,"6":4,"7":4,"8":0,"9":0,"10":0,"11":0,"12":0,"13":0,"14":0,"15":0,"16":0,"17":0,"18":0,"19":0,"20":0,"21":1,"22":1},"f":{"0":4,"1":0,"2":0,"3":0},"b":{"0":[0],"1":[0,0],"2":[0,0]}}
,"/home/eng1n3/Documents/on_board/adam-onboard/src/auth/guards/jwt-refresh.auth.guard.ts": {"path":"/home/eng1n3/Documents/on_board/adam-onboard/src/auth/guards/jwt-refresh.auth.guard.ts","statementMap":{"0":{"start":{"line":2,"column":0},"end":{"line":2,"column":null}},"1":{"start":{"line":7,"column":0},"end":{"line":7,"column":41}},"2":{"start":{"line":8,"column":0},"end":{"line":8,"column":73}},"3":{"start":{"line":9,"column":0},"end":{"line":9,"column":45}},"4":{"start":{"line":10,"column":0},"end":{"line":10,"column":49}},"5":{"start":{"line":14,"column":7},"end":{"line":55,"column":null}},"6":{"start":{"line":16,"column":4},"end":{"line":16,"column":12}},"7":{"start":{"line":15,"column":22},"end":{"line":15,"column":33}},"8":{"start":{"line":20,"column":4},"end":{"line":33,"column":null}},"9":{"start":{"line":21,"column":6},"end":{"line":21,"column":39}},"10":{"start":{"line":22,"column":18},"end":{"line":22,"column":53}},"11":{"start":{"line":23,"column":28},"end":{"line":25,"column":null}},"12":{"start":{"line":27,"column":6},"end":{"line":27,"column":38}},"13":{"start":{"line":27,"column":26},"end":{"line":27,"column":38}},"14":{"start":{"line":28,"column":22},"end":{"line":28,"column":42}},"15":{"start":{"line":29,"column":19},"end":{"line":29,"column":31}},"16":{"start":{"line":30,"column":6},"end":{"line":30,"column":69}},"17":{"start":{"line":30,"column":42},"end":{"line":30,"column":68}},"18":{"start":{"line":32,"column":6},"end":{"line":32,"column":18}},"19":{"start":{"line":37,"column":16},"end":{"line":37,"column":51}},"20":{"start":{"line":38,"column":20},"end":{"line":38,"column":40}},"21":{"start":{"line":39,"column":4},"end":{"line":39,"column":33}},"22":{"start":{"line":40,"column":4},"end":{"line":40,"column":19}},"23":{"start":{"line":50,"column":4},"end":{"line":52,"column":null}},"24":{"start":{"line":51,"column":6},"end":{"line":51,"column":74}},"25":{"start":{"line":53,"column":4},"end":{"line":53,"column":16}},"26":{"start":{"line":14,"column":13},"end":{"line":55,"column":null}},"27":{"start":{"line":14,"column":13},"end":{"line":14,"column":32}}},"fnMap":{"0":{"name":"(anonymous_2)","decl":{"start":{"line":15,"column":2},"end":{"line":15,"column":22}},"loc":{"start":{"line":15,"column":42},"end":{"line":17,"column":3}}},"1":{"name":"(anonymous_3)","decl":{"start":{"line":19,"column":2},"end":{"line":19,"column":7}},"loc":{"start":{"line":19,"column":45},"end":{"line":34,"column":3}}},"2":{"name":"(anonymous_4)","decl":{"start":{"line":30,"column":32},"end":{"line":30,"column":33}},"loc":{"start":{"line":30,"column":41},"end":{"line":30,"column":68}}},"3":{"name":"(anonymous_5)","decl":{"start":{"line":36,"column":2},"end":{"line":36,"column":12}},"loc":{"start":{"line":36,"column":38},"end":{"line":41,"column":3}}},"4":{"name":"(anonymous_6)","decl":{"start":{"line":43,"column":2},"end":{"line":43,"column":15}},"loc":{"start":{"line":48,"column":16},"end":{"line":54,"column":3}}}},"branchMap":{"0":{"loc":{"start":{"line":27,"column":6},"end":{"line":27,"column":38}},"type":"if","locations":[{"start":{"line":27,"column":6},"end":{"line":27,"column":38}}]},"1":{"loc":{"start":{"line":30,"column":42},"end":{"line":30,"column":67}},"type":"cond-expr","locations":[{"start":{"line":30,"column":51},"end":{"line":30,"column":53}},{"start":{"line":30,"column":51},"end":{"line":30,"column":67}}]},"2":{"loc":{"start":{"line":30,"column":42},"end":{"line":30,"column":53}},"type":"binary-expr","locations":[{"start":{"line":30,"column":42},"end":{"line":30,"column":53}},{"start":{"line":30,"column":51},"end":{"line":30,"column":53}}]},"3":{"loc":{"start":{"line":50,"column":4},"end":{"line":52,"column":null}},"type":"if","locations":[{"start":{"line":50,"column":4},"end":{"line":52,"column":null}}]},"4":{"loc":{"start":{"line":50,"column":8},"end":{"line":50,"column":20}},"type":"binary-expr","locations":[{"start":{"line":50,"column":8},"end":{"line":50,"column":11}},{"start":{"line":50,"column":15},"end":{"line":50,"column":20}}]},"5":{"loc":{"start":{"line":51,"column":12},"end":{"line":51,"column":73}},"type":"binary-expr","locations":[{"start":{"line":51,"column":12},"end":{"line":51,"column":15}},{"start":{"line":51,"column":19},"end":{"line":51,"column":73}}]}},"s":{"0":1,"1":1,"2":1,"3":1,"4":1,"5":1,"6":1,"7":1,"8":0,"9":0,"10":0,"11":0,"12":0,"13":0,"14":0,"15":0,"16":0,"17":0,"18":0,"19":0,"20":0,"21":0,"22":0,"23":0,"24":0,"25":0,"26":1,"27":1},"f":{"0":1,"1":0,"2":0,"3":0,"4":0},"b":{"0":[0],"1":[0,0],"2":[0,0],"3":[0],"4":[0,0],"5":[0,0]}}
,"/home/eng1n3/Documents/on_board/adam-onboard/src/auth/guards/local-admin-auth.guard.ts": {"path":"/home/eng1n3/Documents/on_board/adam-onboard/src/auth/guards/local-admin-auth.guard.ts","statementMap":{"0":{"start":{"line":1,"column":0},"end":{"line":1,"column":62}},"1":{"start":{"line":2,"column":0},"end":{"line":2,"column":54}},"2":{"start":{"line":3,"column":0},"end":{"line":3,"column":45}},"3":{"start":{"line":6,"column":7},"end":{"line":13,"column":null}},"4":{"start":{"line":8,"column":16},"end":{"line":8,"column":51}},"5":{"start":{"line":9,"column":20},"end":{"line":9,"column":40}},"6":{"start":{"line":10,"column":4},"end":{"line":10,"column":33}},"7":{"start":{"line":11,"column":4},"end":{"line":11,"column":19}},"8":{"start":{"line":6,"column":13},"end":{"line":13,"column":null}},"9":{"start":{"line":6,"column":13},"end":{"line":6,"column":32}}},"fnMap":{"0":{"name":"(anonymous_1)","decl":{"start":{"line":7,"column":2},"end":{"line":7,"column":12}},"loc":{"start":{"line":7,"column":38},"end":{"line":12,"column":3}}}},"branchMap":{},"s":{"0":1,"1":1,"2":1,"3":1,"4":0,"5":0,"6":0,"7":0,"8":1,"9":1},"f":{"0":0},"b":{}}
,"/home/eng1n3/Documents/on_board/adam-onboard/src/auth/guards/local-user-auth.guard.ts": {"path":"/home/eng1n3/Documents/on_board/adam-onboard/src/auth/guards/local-user-auth.guard.ts","statementMap":{"0":{"start":{"line":1,"column":0},"end":{"line":1,"column":62}},"1":{"start":{"line":2,"column":0},"end":{"line":2,"column":54}},"2":{"start":{"line":3,"column":0},"end":{"line":3,"column":45}},"3":{"start":{"line":6,"column":7},"end":{"line":13,"column":null}},"4":{"start":{"line":8,"column":16},"end":{"line":8,"column":51}},"5":{"start":{"line":9,"column":20},"end":{"line":9,"column":40}},"6":{"start":{"line":10,"column":4},"end":{"line":10,"column":33}},"7":{"start":{"line":11,"column":4},"end":{"line":11,"column":19}},"8":{"start":{"line":6,"column":13},"end":{"line":13,"column":null}},"9":{"start":{"line":6,"column":13},"end":{"line":6,"column":31}}},"fnMap":{"0":{"name":"(anonymous_1)","decl":{"start":{"line":7,"column":2},"end":{"line":7,"column":12}},"loc":{"start":{"line":7,"column":38},"end":{"line":12,"column":3}}}},"branchMap":{},"s":{"0":1,"1":1,"2":1,"3":1,"4":0,"5":0,"6":0,"7":0,"8":1,"9":1},"f":{"0":0},"b":{}}
,"/home/eng1n3/Documents/on_board/adam-onboard/src/auth/models/forgot-user.model.ts": {"path":"/home/eng1n3/Documents/on_board/adam-onboard/src/auth/models/forgot-user.model.ts","statementMap":{"0":{"start":{"line":1,"column":0},"end":{"line":1,"column":52}},"1":{"start":{"line":4,"column":7},"end":{"line":7,"column":null}},"2":{"start":{"line":5,"column":2},"end":{"line":6,"column":null}},"3":{"start":{"line":4,"column":13},"end":{"line":7,"column":null}},"4":{"start":{"line":4,"column":13},"end":{"line":4,"column":28}}},"fnMap":{},"branchMap":{},"s":{"0":1,"1":1,"2":1,"3":1,"4":1},"f":{},"b":{}}
,"/home/eng1n3/Documents/on_board/adam-onboard/src/auth/models/login.model.ts": {"path":"/home/eng1n3/Documents/on_board/adam-onboard/src/auth/models/login.model.ts","statementMap":{"0":{"start":{"line":1,"column":0},"end":{"line":1,"column":52}},"1":{"start":{"line":4,"column":7},"end":{"line":10,"column":null}},"2":{"start":{"line":5,"column":2},"end":{"line":6,"column":null}},"3":{"start":{"line":8,"column":2},"end":{"line":9,"column":null}},"4":{"start":{"line":4,"column":13},"end":{"line":10,"column":null}},"5":{"start":{"line":4,"column":13},"end":{"line":4,"column":23}}},"fnMap":{},"branchMap":{},"s":{"0":1,"1":1,"2":1,"3":1,"4":1,"5":1},"f":{},"b":{}}
,"/home/eng1n3/Documents/on_board/adam-onboard/src/auth/strategies/change-password.strategy.ts": {"path":"/home/eng1n3/Documents/on_board/adam-onboard/src/auth/strategies/change-password.strategy.ts","statementMap":{"0":{"start":{"line":1,"column":0},"end":{"line":1,"column":67}},"1":{"start":{"line":2,"column":0},"end":{"line":2,"column":47}},"2":{"start":{"line":3,"column":0},"end":{"line":3,"column":52}},"3":{"start":{"line":4,"column":0},"end":{"line":4,"column":52}},"4":{"start":{"line":5,"column":0},"end":{"line":5,"column":46}},"5":{"start":{"line":8,"column":7},"end":{"line":38,"column":null}},"6":{"start":{"line":16,"column":4},"end":{"line":20,"column":7}},"7":{"start":{"line":13,"column":12},"end":{"line":13,"column":27}},"8":{"start":{"line":14,"column":12},"end":{"line":14,"column":25}},"9":{"start":{"line":24,"column":4},"end":{"line":36,"column":null}},"10":{"start":{"line":25,"column":19},"end":{"line":26,"column":null}},"11":{"start":{"line":28,"column":6},"end":{"line":28,"column":79}},"12":{"start":{"line":28,"column":17},"end":{"line":28,"column":79}},"13":{"start":{"line":29,"column":6},"end":{"line":33,"column":8}},"14":{"start":{"line":35,"column":6},"end":{"line":35,"column":18}},"15":{"start":{"line":8,"column":13},"end":{"line":38,"column":null}},"16":{"start":{"line":8,"column":13},"end":{"line":8,"column":35}}},"fnMap":{"0":{"name":"(anonymous_2)","decl":{"start":{"line":12,"column":2},"end":{"line":12,"column":null}},"loc":{"start":{"line":14,"column":36},"end":{"line":21,"column":3}}},"1":{"name":"(anonymous_3)","decl":{"start":{"line":23,"column":2},"end":{"line":23,"column":7}},"loc":{"start":{"line":23,"column":29},"end":{"line":37,"column":3}}}},"branchMap":{"0":{"loc":{"start":{"line":28,"column":6},"end":{"line":28,"column":79}},"type":"if","locations":[{"start":{"line":28,"column":6},"end":{"line":28,"column":79}}]}},"s":{"0":1,"1":1,"2":1,"3":1,"4":1,"5":1,"6":1,"7":1,"8":1,"9":0,"10":0,"11":0,"12":0,"13":0,"14":0,"15":1,"16":1},"f":{"0":1,"1":0},"b":{"0":[0]}}
,"/home/eng1n3/Documents/on_board/adam-onboard/src/auth/strategies/jwt-refresh.strategy.ts": {"path":"/home/eng1n3/Documents/on_board/adam-onboard/src/auth/strategies/jwt-refresh.strategy.ts","statementMap":{"0":{"start":{"line":1,"column":0},"end":{"line":1,"column":67}},"1":{"start":{"line":2,"column":0},"end":{"line":2,"column":47}},"2":{"start":{"line":3,"column":0},"end":{"line":3,"column":52}},"3":{"start":{"line":4,"column":0},"end":{"line":4,"column":52}},"4":{"start":{"line":5,"column":0},"end":{"line":5,"column":46}},"5":{"start":{"line":8,"column":7},"end":{"line":38,"column":null}},"6":{"start":{"line":16,"column":4},"end":{"line":20,"column":7}},"7":{"start":{"line":13,"column":12},"end":{"line":13,"column":27}},"8":{"start":{"line":14,"column":12},"end":{"line":14,"column":25}},"9":{"start":{"line":24,"column":4},"end":{"line":36,"column":null}},"10":{"start":{"line":25,"column":19},"end":{"line":26,"column":null}},"11":{"start":{"line":28,"column":6},"end":{"line":28,"column":51}},"12":{"start":{"line":28,"column":17},"end":{"line":28,"column":51}},"13":{"start":{"line":29,"column":6},"end":{"line":33,"column":8}},"14":{"start":{"line":35,"column":6},"end":{"line":35,"column":18}},"15":{"start":{"line":8,"column":13},"end":{"line":38,"column":null}},"16":{"start":{"line":8,"column":13},"end":{"line":8,"column":31}}},"fnMap":{"0":{"name":"(anonymous_2)","decl":{"start":{"line":12,"column":2},"end":{"line":12,"column":null}},"loc":{"start":{"line":14,"column":36},"end":{"line":21,"column":3}}},"1":{"name":"(anonymous_3)","decl":{"start":{"line":23,"column":2},"end":{"line":23,"column":7}},"loc":{"start":{"line":23,"column":29},"end":{"line":37,"column":3}}}},"branchMap":{"0":{"loc":{"start":{"line":28,"column":6},"end":{"line":28,"column":51}},"type":"if","locations":[{"start":{"line":28,"column":6},"end":{"line":28,"column":51}}]}},"s":{"0":1,"1":1,"2":1,"3":1,"4":1,"5":1,"6":1,"7":1,"8":1,"9":0,"10":0,"11":0,"12":0,"13":0,"14":0,"15":1,"16":1},"f":{"0":1,"1":0},"b":{"0":[0]}}
,"/home/eng1n3/Documents/on_board/adam-onboard/src/auth/strategies/jwt.strategy.ts": {"path":"/home/eng1n3/Documents/on_board/adam-onboard/src/auth/strategies/jwt.strategy.ts","statementMap":{"0":{"start":{"line":1,"column":0},"end":{"line":1,"column":67}},"1":{"start":{"line":2,"column":0},"end":{"line":2,"column":47}},"2":{"start":{"line":3,"column":0},"end":{"line":3,"column":52}},"3":{"start":{"line":4,"column":0},"end":{"line":4,"column":52}},"4":{"start":{"line":5,"column":0},"end":{"line":5,"column":46}},"5":{"start":{"line":8,"column":7},"end":{"line":35,"column":null}},"6":{"start":{"line":13,"column":4},"end":{"line":17,"column":7}},"7":{"start":{"line":10,"column":12},"end":{"line":10,"column":27}},"8":{"start":{"line":11,"column":12},"end":{"line":11,"column":25}},"9":{"start":{"line":21,"column":4},"end":{"line":33,"column":null}},"10":{"start":{"line":22,"column":19},"end":{"line":23,"column":null}},"11":{"start":{"line":25,"column":6},"end":{"line":25,"column":79}},"12":{"start":{"line":25,"column":17},"end":{"line":25,"column":79}},"13":{"start":{"line":26,"column":6},"end":{"line":30,"column":8}},"14":{"start":{"line":32,"column":6},"end":{"line":32,"column":18}},"15":{"start":{"line":8,"column":13},"end":{"line":35,"column":null}},"16":{"start":{"line":8,"column":13},"end":{"line":8,"column":24}}},"fnMap":{"0":{"name":"(anonymous_2)","decl":{"start":{"line":9,"column":2},"end":{"line":9,"column":null}},"loc":{"start":{"line":11,"column":36},"end":{"line":18,"column":3}}},"1":{"name":"(anonymous_3)","decl":{"start":{"line":20,"column":2},"end":{"line":20,"column":7}},"loc":{"start":{"line":20,"column":29},"end":{"line":34,"column":3}}}},"branchMap":{"0":{"loc":{"start":{"line":25,"column":6},"end":{"line":25,"column":79}},"type":"if","locations":[{"start":{"line":25,"column":6},"end":{"line":25,"column":79}}]}},"s":{"0":1,"1":1,"2":1,"3":1,"4":1,"5":1,"6":1,"7":1,"8":1,"9":0,"10":0,"11":0,"12":0,"13":0,"14":0,"15":1,"16":1},"f":{"0":1,"1":0},"b":{"0":[0]}}
,"/home/eng1n3/Documents/on_board/adam-onboard/src/auth/strategies/local-admin.strategy.ts": {"path":"/home/eng1n3/Documents/on_board/adam-onboard/src/auth/strategies/local-admin.strategy.ts","statementMap":{"0":{"start":{"line":1,"column":0},"end":{"line":1,"column":67}},"1":{"start":{"line":2,"column":0},"end":{"line":2,"column":52}},"2":{"start":{"line":3,"column":0},"end":{"line":3,"column":42}},"3":{"start":{"line":5,"column":0},"end":{"line":5,"column":46}},"4":{"start":{"line":8,"column":7},"end":{"line":28,"column":null}},"5":{"start":{"line":13,"column":4},"end":{"line":13,"column":65}},"6":{"start":{"line":12,"column":22},"end":{"line":12,"column":35}},"7":{"start":{"line":17,"column":4},"end":{"line":26,"column":null}},"8":{"start":{"line":18,"column":19},"end":{"line":20,"column":null}},"9":{"start":{"line":22,"column":6},"end":{"line":22,"column":79}},"10":{"start":{"line":22,"column":17},"end":{"line":22,"column":79}},"11":{"start":{"line":23,"column":6},"end":{"line":23,"column":18}},"12":{"start":{"line":25,"column":6},"end":{"line":25,"column":18}},"13":{"start":{"line":8,"column":13},"end":{"line":28,"column":null}},"14":{"start":{"line":8,"column":13},"end":{"line":8,"column":30}}},"fnMap":{"0":{"name":"(anonymous_2)","decl":{"start":{"line":12,"column":2},"end":{"line":12,"column":22}},"loc":{"start":{"line":12,"column":46},"end":{"line":14,"column":3}}},"1":{"name":"(anonymous_3)","decl":{"start":{"line":16,"column":2},"end":{"line":16,"column":7}},"loc":{"start":{"line":16,"column":48},"end":{"line":27,"column":3}}}},"branchMap":{"0":{"loc":{"start":{"line":22,"column":6},"end":{"line":22,"column":79}},"type":"if","locations":[{"start":{"line":22,"column":6},"end":{"line":22,"column":79}}]}},"s":{"0":1,"1":1,"2":1,"3":1,"4":1,"5":1,"6":1,"7":0,"8":0,"9":0,"10":0,"11":0,"12":0,"13":1,"14":1},"f":{"0":1,"1":0},"b":{"0":[0]}}
,"/home/eng1n3/Documents/on_board/adam-onboard/src/auth/strategies/local-user.strategy.ts": {"path":"/home/eng1n3/Documents/on_board/adam-onboard/src/auth/strategies/local-user.strategy.ts","statementMap":{"0":{"start":{"line":1,"column":0},"end":{"line":1,"column":67}},"1":{"start":{"line":2,"column":0},"end":{"line":2,"column":52}},"2":{"start":{"line":3,"column":0},"end":{"line":3,"column":42}},"3":{"start":{"line":5,"column":0},"end":{"line":5,"column":46}},"4":{"start":{"line":8,"column":7},"end":{"line":25,"column":null}},"5":{"start":{"line":10,"column":4},"end":{"line":10,"column":65}},"6":{"start":{"line":9,"column":22},"end":{"line":9,"column":35}},"7":{"start":{"line":14,"column":4},"end":{"line":23,"column":null}},"8":{"start":{"line":15,"column":19},"end":{"line":17,"column":null}},"9":{"start":{"line":19,"column":6},"end":{"line":19,"column":79}},"10":{"start":{"line":19,"column":17},"end":{"line":19,"column":79}},"11":{"start":{"line":20,"column":6},"end":{"line":20,"column":18}},"12":{"start":{"line":22,"column":6},"end":{"line":22,"column":18}},"13":{"start":{"line":8,"column":13},"end":{"line":25,"column":null}},"14":{"start":{"line":8,"column":13},"end":{"line":8,"column":30}}},"fnMap":{"0":{"name":"(anonymous_2)","decl":{"start":{"line":9,"column":2},"end":{"line":9,"column":22}},"loc":{"start":{"line":9,"column":46},"end":{"line":11,"column":3}}},"1":{"name":"(anonymous_3)","decl":{"start":{"line":13,"column":2},"end":{"line":13,"column":7}},"loc":{"start":{"line":13,"column":48},"end":{"line":24,"column":3}}}},"branchMap":{"0":{"loc":{"start":{"line":19,"column":6},"end":{"line":19,"column":79}},"type":"if","locations":[{"start":{"line":19,"column":6},"end":{"line":19,"column":79}}]}},"s":{"0":1,"1":1,"2":1,"3":1,"4":1,"5":1,"6":1,"7":0,"8":0,"9":0,"10":0,"11":0,"12":0,"13":1,"14":1},"f":{"0":1,"1":0},"b":{"0":[0]}}
,"/home/eng1n3/Documents/on_board/adam-onboard/src/auth/templates/email.template.ts": {"path":"/home/eng1n3/Documents/on_board/adam-onboard/src/auth/templates/email.template.ts","statementMap":{"0":{"start":{"line":1,"column":0},"end":{"line":1,"column":47}},"1":{"start":{"line":2,"column":0},"end":{"line":2,"column":40}},"2":{"start":{"line":4,"column":22},"end":{"line":4,"column":41}},"3":{"start":{"line":6,"column":29},"end":{"line":108,"column":2}},"4":{"start":{"line":6,"column":48},"end":{"line":108,"column":2}},"5":{"start":{"line":6,"column":13},"end":{"line":6,"column":29}}},"fnMap":{"0":{"name":"(anonymous_0)","decl":{"start":{"line":6,"column":29},"end":{"line":6,"column":30}},"loc":{"start":{"line":6,"column":48},"end":{"line":108,"column":2}}}},"branchMap":{},"s":{"0":1,"1":1,"2":1,"3":1,"4":0,"5":1},"f":{"0":0},"b":{}}
,"/home/eng1n3/Documents/on_board/adam-onboard/src/common/constants.ts": {"path":"/home/eng1n3/Documents/on_board/adam-onboard/src/common/constants.ts","statementMap":{"0":{"start":{"line":1,"column":13},"end":{"line":1,"column":33}}},"fnMap":{},"branchMap":{},"s":{"0":1},"f":{},"b":{}}
,"/home/eng1n3/Documents/on_board/adam-onboard/src/common/config/config.env.ts": {"path":"/home/eng1n3/Documents/on_board/adam-onboard/src/common/config/config.env.ts","statementMap":{"0":{"start":{"line":1,"column":0},"end":{"line":1,"column":33}},"1":{"start":{"line":2,"column":0},"end":{"line":2,"column":28}},"2":{"start":{"line":4,"column":32},"end":{"line":4,"column":52}},"3":{"start":{"line":5,"column":25},"end":{"line":5,"column":65}},"4":{"start":{"line":6,"column":16},"end":{"line":6,"column":56}},"5":{"start":{"line":8,"column":0},"end":{"line":8,"column":33}},"6":{"start":{"line":10,"column":0},"end":{"line":10,"column":22}}},"fnMap":{},"branchMap":{"0":{"loc":{"start":{"line":5,"column":25},"end":{"line":5,"column":65}},"type":"cond-expr","locations":[{"start":{"line":5,"column":31},"end":{"line":5,"column":44}},{"start":{"line":5,"column":47},"end":{"line":5,"column":65}}]}},"s":{"0":1,"1":1,"2":1,"3":1,"4":1,"5":1,"6":1},"f":{},"b":{"0":[1,0]}}
,"/home/eng1n3/Documents/on_board/adam-onboard/src/common/decorators/birthday-date.decorator.ts": {"path":"/home/eng1n3/Documents/on_board/adam-onboard/src/common/decorators/birthday-date.decorator.ts","statementMap":{"0":{"start":{"line":2,"column":0},"end":{"line":2,"column":71}},"1":{"start":{"line":3,"column":0},"end":{"line":3,"column":33}},"2":{"start":{"line":6,"column":2},"end":{"line":22,"column":4}},"3":{"start":{"line":7,"column":4},"end":{"line":21,"column":7}},"4":{"start":{"line":18,"column":10},"end":{"line":18,"column":78}},"5":{"start":{"line":5,"column":0},"end":{"line":5,"column":16}}},"fnMap":{"0":{"name":"IsBirthdayDate","decl":{"start":{"line":5,"column":16},"end":{"line":5,"column":30}},"loc":{"start":{"line":5,"column":68},"end":{"line":23,"column":1}}},"1":{"name":"(anonymous_1)","decl":{"start":{"line":6,"column":9},"end":{"line":6,"column":19}},"loc":{"start":{"line":6,"column":55},"end":{"line":22,"column":3}}},"2":{"name":"(anonymous_2)","decl":{"start":{"line":17,"column":8},"end":{"line":17,"column":16}},"loc":{"start":{"line":17,"column":27},"end":{"line":19,"column":9}}}},"branchMap":{},"s":{"0":1,"1":1,"2":2,"3":2,"4":0,"5":1},"f":{"0":2,"1":2,"2":0},"b":{}}
,"/home/eng1n3/Documents/on_board/adam-onboard/src/common/decorators/current-user.decorator.ts": {"path":"/home/eng1n3/Documents/on_board/adam-onboard/src/common/decorators/current-user.decorator.ts","statementMap":{"0":{"start":{"line":1,"column":0},"end":{"line":1,"column":72}},"1":{"start":{"line":2,"column":0},"end":{"line":2,"column":54}},"2":{"start":{"line":4,"column":13},"end":{"line":9,"column":2}},"3":{"start":{"line":6,"column":16},"end":{"line":6,"column":51}},"4":{"start":{"line":7,"column":4},"end":{"line":7,"column":37}}},"fnMap":{"0":{"name":"(anonymous_0)","decl":{"start":{"line":5,"column":2},"end":{"line":5,"column":3}},"loc":{"start":{"line":5,"column":47},"end":{"line":8,"column":3}}}},"branchMap":{},"s":{"0":1,"1":1,"2":1,"3":0,"4":0},"f":{"0":0},"b":{}}
,"/home/eng1n3/Documents/on_board/adam-onboard/src/common/decorators/deadline-date.decorator.ts": {"path":"/home/eng1n3/Documents/on_board/adam-onboard/src/common/decorators/deadline-date.decorator.ts","statementMap":{"0":{"start":{"line":2,"column":0},"end":{"line":2,"column":71}},"1":{"start":{"line":3,"column":0},"end":{"line":3,"column":33}},"2":{"start":{"line":6,"column":2},"end":{"line":22,"column":4}},"3":{"start":{"line":7,"column":4},"end":{"line":21,"column":7}},"4":{"start":{"line":18,"column":10},"end":{"line":18,"column":78}},"5":{"start":{"line":5,"column":0},"end":{"line":5,"column":16}}},"fnMap":{"0":{"name":"IsDeadlineDate","decl":{"start":{"line":5,"column":16},"end":{"line":5,"column":30}},"loc":{"start":{"line":5,"column":68},"end":{"line":23,"column":1}}},"1":{"name":"(anonymous_1)","decl":{"start":{"line":6,"column":9},"end":{"line":6,"column":19}},"loc":{"start":{"line":6,"column":55},"end":{"line":22,"column":3}}},"2":{"name":"(anonymous_2)","decl":{"start":{"line":17,"column":8},"end":{"line":17,"column":16}},"loc":{"start":{"line":17,"column":27},"end":{"line":19,"column":9}}}},"branchMap":{},"s":{"0":1,"1":1,"2":1,"3":1,"4":0,"5":1},"f":{"0":1,"1":1,"2":0},"b":{}}
,"/home/eng1n3/Documents/on_board/adam-onboard/src/common/decorators/is-homepage.decorator.ts": {"path":"/home/eng1n3/Documents/on_board/adam-onboard/src/common/decorators/is-homepage.decorator.ts","statementMap":{"0":{"start":{"line":2,"column":0},"end":{"line":2,"column":71}},"1":{"start":{"line":5,"column":2},"end":{"line":23,"column":4}},"2":{"start":{"line":6,"column":4},"end":{"line":22,"column":7}},"3":{"start":{"line":18,"column":12},"end":{"line":18,"column":104}},"4":{"start":{"line":19,"column":10},"end":{"line":19,"column":64}},"5":{"start":{"line":4,"column":0},"end":{"line":4,"column":16}}},"fnMap":{"0":{"name":"IsHomepage","decl":{"start":{"line":4,"column":16},"end":{"line":4,"column":26}},"loc":{"start":{"line":4,"column":64},"end":{"line":24,"column":1}}},"1":{"name":"(anonymous_1)","decl":{"start":{"line":5,"column":9},"end":{"line":5,"column":19}},"loc":{"start":{"line":5,"column":55},"end":{"line":23,"column":3}}},"2":{"name":"(anonymous_2)","decl":{"start":{"line":16,"column":8},"end":{"line":16,"column":16}},"loc":{"start":{"line":16,"column":27},"end":{"line":20,"column":9}}}},"branchMap":{"0":{"loc":{"start":{"line":19,"column":17},"end":{"line":19,"column":63}},"type":"binary-expr","locations":[{"start":{"line":19,"column":17},"end":{"line":19,"column":42}},{"start":{"line":19,"column":46},"end":{"line":19,"column":63}}]}},"s":{"0":1,"1":1,"2":1,"3":0,"4":0,"5":1},"f":{"0":1,"1":1,"2":0},"b":{"0":[0,0]}}
,"/home/eng1n3/Documents/on_board/adam-onboard/src/common/decorators/is-only-date.decorator.ts": {"path":"/home/eng1n3/Documents/on_board/adam-onboard/src/common/decorators/is-only-date.decorator.ts","statementMap":{"0":{"start":{"line":2,"column":0},"end":{"line":2,"column":71}},"1":{"start":{"line":5,"column":2},"end":{"line":22,"column":4}},"2":{"start":{"line":6,"column":4},"end":{"line":21,"column":7}},"3":{"start":{"line":17,"column":24},"end":{"line":17,"column":75}},"4":{"start":{"line":18,"column":10},"end":{"line":18,"column":64}},"5":{"start":{"line":4,"column":0},"end":{"line":4,"column":16}}},"fnMap":{"0":{"name":"IsOnlyDate","decl":{"start":{"line":4,"column":16},"end":{"line":4,"column":26}},"loc":{"start":{"line":4,"column":64},"end":{"line":23,"column":1}}},"1":{"name":"(anonymous_1)","decl":{"start":{"line":5,"column":9},"end":{"line":5,"column":19}},"loc":{"start":{"line":5,"column":55},"end":{"line":22,"column":3}}},"2":{"name":"(anonymous_2)","decl":{"start":{"line":16,"column":8},"end":{"line":16,"column":16}},"loc":{"start":{"line":16,"column":27},"end":{"line":19,"column":9}}}},"branchMap":{"0":{"loc":{"start":{"line":18,"column":17},"end":{"line":18,"column":63}},"type":"binary-expr","locations":[{"start":{"line":18,"column":17},"end":{"line":18,"column":42}},{"start":{"line":18,"column":46},"end":{"line":18,"column":63}}]}},"s":{"0":1,"1":2,"2":2,"3":0,"4":0,"5":1},"f":{"0":2,"1":2,"2":0},"b":{"0":[0,0]}}
,"/home/eng1n3/Documents/on_board/adam-onboard/src/common/decorators/is-words-strict.decorator.ts": {"path":"/home/eng1n3/Documents/on_board/adam-onboard/src/common/decorators/is-words-strict.decorator.ts","statementMap":{"0":{"start":{"line":2,"column":0},"end":{"line":2,"column":71}},"1":{"start":{"line":5,"column":2},"end":{"line":23,"column":4}},"2":{"start":{"line":6,"column":4},"end":{"line":22,"column":7}},"3":{"start":{"line":18,"column":24},"end":{"line":18,"column":58}},"4":{"start":{"line":19,"column":10},"end":{"line":19,"column":64}},"5":{"start":{"line":4,"column":0},"end":{"line":4,"column":16}}},"fnMap":{"0":{"name":"IsWordStrict","decl":{"start":{"line":4,"column":16},"end":{"line":4,"column":28}},"loc":{"start":{"line":4,"column":66},"end":{"line":24,"column":1}}},"1":{"name":"(anonymous_1)","decl":{"start":{"line":5,"column":9},"end":{"line":5,"column":19}},"loc":{"start":{"line":5,"column":55},"end":{"line":23,"column":3}}},"2":{"name":"(anonymous_2)","decl":{"start":{"line":17,"column":8},"end":{"line":17,"column":16}},"loc":{"start":{"line":17,"column":27},"end":{"line":20,"column":9}}}},"branchMap":{"0":{"loc":{"start":{"line":19,"column":17},"end":{"line":19,"column":63}},"type":"binary-expr","locations":[{"start":{"line":19,"column":17},"end":{"line":19,"column":42}},{"start":{"line":19,"column":46},"end":{"line":19,"column":63}}]}},"s":{"0":1,"1":1,"2":1,"3":0,"4":0,"5":1},"f":{"0":1,"1":1,"2":0},"b":{"0":[0,0]}}
,"/home/eng1n3/Documents/on_board/adam-onboard/src/common/decorators/match.decorator.ts": {"path":"/home/eng1n3/Documents/on_board/adam-onboard/src/common/decorators/match.decorator.ts","statementMap":{"0":{"start":{"line":2,"column":0},"end":{"line":2,"column":null}},"1":{"start":{"line":9,"column":2},"end":{"line":24,"column":4}},"2":{"start":{"line":10,"column":4},"end":{"line":23,"column":7}},"3":{"start":{"line":18,"column":40},"end":{"line":18,"column":56}},"4":{"start":{"line":19,"column":32},"end":{"line":19,"column":72}},"5":{"start":{"line":20,"column":10},"end":{"line":20,"column":40}},"6":{"start":{"line":8,"column":0},"end":{"line":8,"column":16}}},"fnMap":{"0":{"name":"Match","decl":{"start":{"line":8,"column":16},"end":{"line":8,"column":21}},"loc":{"start":{"line":8,"column":77},"end":{"line":25,"column":1}}},"1":{"name":"(anonymous_1)","decl":{"start":{"line":9,"column":9},"end":{"line":9,"column":19}},"loc":{"start":{"line":9,"column":55},"end":{"line":24,"column":3}}},"2":{"name":"(anonymous_2)","decl":{"start":{"line":17,"column":8},"end":{"line":17,"column":16}},"loc":{"start":{"line":17,"column":54},"end":{"line":21,"column":9}}}},"branchMap":{},"s":{"0":1,"1":1,"2":1,"3":0,"4":0,"5":0,"6":1},"f":{"0":1,"1":1,"2":0},"b":{}}
,"/home/eng1n3/Documents/on_board/adam-onboard/src/common/decorators/roles.decorator.ts": {"path":"/home/eng1n3/Documents/on_board/adam-onboard/src/common/decorators/roles.decorator.ts","statementMap":{"0":{"start":{"line":1,"column":0},"end":{"line":1,"column":45}},"1":{"start":{"line":2,"column":0},"end":{"line":2,"column":41}},"2":{"start":{"line":5,"column":21},"end":{"line":5,"column":72}},"3":{"start":{"line":5,"column":43},"end":{"line":5,"column":72}},"4":{"start":{"line":5,"column":13},"end":{"line":5,"column":21}}},"fnMap":{"0":{"name":"(anonymous_0)","decl":{"start":{"line":5,"column":21},"end":{"line":5,"column":22}},"loc":{"start":{"line":5,"column":43},"end":{"line":5,"column":72}}}},"branchMap":{},"s":{"0":1,"1":1,"2":1,"3":44,"4":1},"f":{"0":44},"b":{}}
,"/home/eng1n3/Documents/on_board/adam-onboard/src/common/directives/custom.directive.ts": {"path":"/home/eng1n3/Documents/on_board/adam-onboard/src/common/directives/custom.directive.ts","statementMap":{"0":{"start":{"line":1,"column":0},"end":{"line":1,"column":75}},"1":{"start":{"line":2,"column":0},"end":{"line":2,"column":62}},"2":{"start":{"line":3,"column":0},"end":{"line":3,"column":60}},"3":{"start":{"line":4,"column":0},"end":{"line":4,"column":47}},"4":{"start":{"line":5,"column":0},"end":{"line":5,"column":40}},"5":{"start":{"line":7,"column":22},"end":{"line":7,"column":41}},"6":{"start":{"line":10,"column":2},"end":{"line":49,"column":5}},"7":{"start":{"line":12,"column":29},"end":{"line":16,"column":12}},"8":{"start":{"line":18,"column":34},"end":{"line":22,"column":12}},"9":{"start":{"line":24,"column":6},"end":{"line":47,"column":null}},"10":{"start":{"line":25,"column":51},"end":{"line":25,"column":62}},"11":{"start":{"line":29,"column":8},"end":{"line":35,"column":10}},"12":{"start":{"line":30,"column":25},"end":{"line":30,"column":67}},"13":{"start":{"line":31,"column":10},"end":{"line":33,"column":null}},"14":{"start":{"line":32,"column":12},"end":{"line":32,"column":40}},"15":{"start":{"line":34,"column":10},"end":{"line":34,"column":24}},"16":{"start":{"line":36,"column":8},"end":{"line":36,"column":27}},"17":{"start":{"line":37,"column":13},"end":{"line":47,"column":null}},"18":{"start":{"line":38,"column":51},"end":{"line":38,"column":62}},"19":{"start":{"line":42,"column":8},"end":{"line":45,"column":10}},"20":{"start":{"line":43,"column":25},"end":{"line":43,"column":67}},"21":{"start":{"line":44,"column":10},"end":{"line":44,"column":67}},"22":{"start":{"line":46,"column":8},"end":{"line":46,"column":27}},"23":{"start":{"line":9,"column":0},"end":{"line":9,"column":16}}},"fnMap":{"0":{"name":"upperDirectiveTransformer","decl":{"start":{"line":9,"column":16},"end":{"line":9,"column":41}},"loc":{"start":{"line":9,"column":63},"end":{"line":50,"column":1}}},"1":{"name":"(anonymous_1)","decl":{"start":{"line":11,"column":31},"end":{"line":11,"column":32}},"loc":{"start":{"line":11,"column":47},"end":{"line":48,"column":5}}},"2":{"name":"(anonymous_2)","decl":{"start":{"line":29,"column":30},"end":{"line":29,"column":35}},"loc":{"start":{"line":29,"column":73},"end":{"line":35,"column":9}}},"3":{"name":"(anonymous_3)","decl":{"start":{"line":42,"column":30},"end":{"line":42,"column":35}},"loc":{"start":{"line":42,"column":73},"end":{"line":45,"column":9}}}},"branchMap":{"0":{"loc":{"start":{"line":12,"column":29},"end":{"line":16,"column":12}},"type":"cond-expr","locations":[{"start":{"line":16,"column":7},"end":{"line":16,"column":10}},{"start":{"line":16,"column":7},"end":{"line":16,"column":12}}]},"1":{"loc":{"start":{"line":12,"column":29},"end":{"line":16,"column":10}},"type":"binary-expr","locations":[{"start":{"line":12,"column":29},"end":{"line":16,"column":10}},{"start":{"line":16,"column":7},"end":{"line":16,"column":10}}]},"2":{"loc":{"start":{"line":18,"column":34},"end":{"line":22,"column":12}},"type":"cond-expr","locations":[{"start":{"line":22,"column":7},"end":{"line":22,"column":10}},{"start":{"line":22,"column":7},"end":{"line":22,"column":12}}]},"3":{"loc":{"start":{"line":18,"column":34},"end":{"line":22,"column":10}},"type":"binary-expr","locations":[{"start":{"line":18,"column":34},"end":{"line":22,"column":10}},{"start":{"line":22,"column":7},"end":{"line":22,"column":10}}]},"4":{"loc":{"start":{"line":24,"column":6},"end":{"line":47,"column":null}},"type":"if","locations":[{"start":{"line":24,"column":6},"end":{"line":47,"column":null}},{"start":{"line":37,"column":13},"end":{"line":47,"column":null}}]},"5":{"loc":{"start":{"line":25,"column":16},"end":{"line":25,"column":46}},"type":"default-arg","locations":[{"start":{"line":25,"column":26},"end":{"line":25,"column":46}}]},"6":{"loc":{"start":{"line":31,"column":10},"end":{"line":33,"column":null}},"type":"if","locations":[{"start":{"line":31,"column":10},"end":{"line":33,"column":null}}]},"7":{"loc":{"start":{"line":37,"column":13},"end":{"line":47,"column":null}},"type":"if","locations":[{"start":{"line":37,"column":13},"end":{"line":47,"column":null}}]},"8":{"loc":{"start":{"line":38,"column":16},"end":{"line":38,"column":46}},"type":"default-arg","locations":[{"start":{"line":38,"column":26},"end":{"line":38,"column":46}}]}},"s":{"0":1,"1":1,"2":1,"3":1,"4":1,"5":1,"6":1,"7":104,"8":104,"9":104,"10":0,"11":0,"12":0,"13":0,"14":0,"15":0,"16":0,"17":104,"18":2,"19":2,"20":0,"21":0,"22":2,"23":1},"f":{"0":1,"1":104,"2":0,"3":0},"b":{"0":[104,0],"1":[104,104],"2":[102,2],"3":[104,104],"4":[0,104],"5":[0],"6":[0],"7":[2],"8":[0]}}
,"/home/eng1n3/Documents/on_board/adam-onboard/src/common/dto/pagination.input.ts": {"path":"/home/eng1n3/Documents/on_board/adam-onboard/src/common/dto/pagination.input.ts","statementMap":{"0":{"start":{"line":1,"column":0},"end":{"line":1,"column":56}},"1":{"start":{"line":2,"column":0},"end":{"line":2,"column":43}},"2":{"start":{"line":5,"column":7},"end":{"line":21,"column":null}},"3":{"start":{"line":6,"column":2},"end":{"line":12,"column":null}},"4":{"start":{"line":6,"column":22},"end":{"line":6,"column":25}},"5":{"start":{"line":14,"column":2},"end":{"line":20,"column":null}},"6":{"start":{"line":14,"column":22},"end":{"line":14,"column":25}},"7":{"start":{"line":5,"column":13},"end":{"line":21,"column":null}},"8":{"start":{"line":5,"column":13},"end":{"line":5,"column":28}}},"fnMap":{"0":{"name":"(anonymous_2)","decl":{"start":{"line":6,"column":9},"end":{"line":6,"column":10}},"loc":{"start":{"line":6,"column":22},"end":{"line":6,"column":25}}},"1":{"name":"(anonymous_3)","decl":{"start":{"line":14,"column":9},"end":{"line":14,"column":10}},"loc":{"start":{"line":14,"column":22},"end":{"line":14,"column":25}}}},"branchMap":{},"s":{"0":1,"1":1,"2":1,"3":1,"4":1,"5":1,"6":1,"7":1,"8":1},"f":{"0":1,"1":1},"b":{}}
,"/home/eng1n3/Documents/on_board/adam-onboard/src/common/enums/directive.enum.ts": {"path":"/home/eng1n3/Documents/on_board/adam-onboard/src/common/enums/directive.enum.ts","statementMap":{"0":{"start":{"line":1,"column":0},"end":{"line":1,"column":null}},"1":{"start":{"line":2,"column":2},"end":{"line":2,"column":null}},"2":{"start":{"line":3,"column":2},"end":{"line":3,"column":null}},"3":{"start":{"line":4,"column":2},"end":{"line":4,"column":null}}},"fnMap":{"0":{"name":"(anonymous_0)","decl":{"start":{"line":1,"column":0},"end":{"line":1,"column":12}},"loc":{"start":{"line":1,"column":29},"end":{"line":5,"column":1}}}},"branchMap":{"0":{"loc":{"start":{"line":1,"column":12},"end":{"line":1,"column":null}},"type":"binary-expr","locations":[{"start":{"line":1,"column":12},"end":{"line":1,"column":29}},{"start":{"line":1,"column":12},"end":{"line":1,"column":null}}]}},"s":{"0":1,"1":1,"2":1,"3":1},"f":{"0":1},"b":{"0":[1,1]}}
,"/home/eng1n3/Documents/on_board/adam-onboard/src/common/enums/roles.enum.ts": {"path":"/home/eng1n3/Documents/on_board/adam-onboard/src/common/enums/roles.enum.ts","statementMap":{"0":{"start":{"line":1,"column":0},"end":{"line":1,"column":null}},"1":{"start":{"line":2,"column":2},"end":{"line":2,"column":null}},"2":{"start":{"line":3,"column":2},"end":{"line":3,"column":null}}},"fnMap":{"0":{"name":"(anonymous_0)","decl":{"start":{"line":1,"column":0},"end":{"line":1,"column":12}},"loc":{"start":{"line":1,"column":16},"end":{"line":4,"column":1}}}},"branchMap":{"0":{"loc":{"start":{"line":1,"column":12},"end":{"line":1,"column":null}},"type":"binary-expr","locations":[{"start":{"line":1,"column":12},"end":{"line":1,"column":16}},{"start":{"line":1,"column":12},"end":{"line":1,"column":null}}]}},"s":{"0":1,"1":1,"2":1},"f":{"0":1},"b":{"0":[1,1]}}
,"/home/eng1n3/Documents/on_board/adam-onboard/src/common/functions/capitalize-first-letter.function.ts": {"path":"/home/eng1n3/Documents/on_board/adam-onboard/src/common/functions/capitalize-first-letter.function.ts","statementMap":{"0":{"start":{"line":2,"column":2},"end":{"line":2,"column":58}},"1":{"start":{"line":1,"column":0},"end":{"line":1,"column":16}}},"fnMap":{"0":{"name":"capitalizeFirstLetter","decl":{"start":{"line":1,"column":16},"end":{"line":1,"column":37}},"loc":{"start":{"line":1,"column":44},"end":{"line":3,"column":1}}}},"branchMap":{},"s":{"0":0,"1":1},"f":{"0":0},"b":{}}
,"/home/eng1n3/Documents/on_board/adam-onboard/src/common/functions/env.function.ts": {"path":"/home/eng1n3/Documents/on_board/adam-onboard/src/common/functions/env.function.ts","statementMap":{"0":{"start":{"line":1,"column":0},"end":{"line":1,"column":31}},"1":{"start":{"line":5,"column":34},"end":{"line":5,"column":54}},"2":{"start":{"line":6,"column":27},"end":{"line":6,"column":67}},"3":{"start":{"line":7,"column":2},"end":{"line":7,"column":64}},"4":{"start":{"line":4,"column":0},"end":{"line":4,"column":16}}},"fnMap":{"0":{"name":"getEnvPath","decl":{"start":{"line":4,"column":16},"end":{"line":4,"column":26}},"loc":{"start":{"line":4,"column":46},"end":{"line":8,"column":1}}}},"branchMap":{"0":{"loc":{"start":{"line":6,"column":27},"end":{"line":6,"column":67}},"type":"cond-expr","locations":[{"start":{"line":6,"column":33},"end":{"line":6,"column":46}},{"start":{"line":6,"column":49},"end":{"line":6,"column":67}}]}},"s":{"0":1,"1":1,"2":1,"3":1,"4":1},"f":{"0":1},"b":{"0":[1,0]}}
,"/home/eng1n3/Documents/on_board/adam-onboard/src/common/plugins/complexity.plugin.ts": {"path":"/home/eng1n3/Documents/on_board/adam-onboard/src/common/plugins/complexity.plugin.ts","statementMap":{"0":{"start":{"line":1,"column":0},"end":{"line":1,"column":52}},"1":{"start":{"line":2,"column":0},"end":{"line":2,"column":40}},"2":{"start":{"line":7,"column":0},"end":{"line":7,"column":39}},"3":{"start":{"line":8,"column":0},"end":{"line":8,"column":null}},"4":{"start":{"line":15,"column":7},"end":{"line":43,"column":null}},"5":{"start":{"line":16,"column":22},"end":{"line":16,"column":37}},"6":{"start":{"line":19,"column":26},"end":{"line":19,"column":28}},"7":{"start":{"line":20,"column":23},"end":{"line":20,"column":41}},"8":{"start":{"line":22,"column":4},"end":{"line":41,"column":6}},"9":{"start":{"line":24,"column":27},"end":{"line":33,"column":10}},"10":{"start":{"line":34,"column":8},"end":{"line":38,"column":null}},"11":{"start":{"line":35,"column":10},"end":{"line":37,"column":12}},"12":{"start":{"line":15,"column":13},"end":{"line":43,"column":null}},"13":{"start":{"line":15,"column":13},"end":{"line":15,"column":29}}},"fnMap":{"0":{"name":"(anonymous_2)","decl":{"start":{"line":16,"column":2},"end":{"line":16,"column":22}},"loc":{"start":{"line":16,"column":54},"end":{"line":16,"column":58}}},"1":{"name":"(anonymous_3)","decl":{"start":{"line":18,"column":2},"end":{"line":18,"column":7}},"loc":{"start":{"line":18,"column":23},"end":{"line":42,"column":3}}},"2":{"name":"(anonymous_4)","decl":{"start":{"line":23,"column":6},"end":{"line":23,"column":11}},"loc":{"start":{"line":23,"column":53},"end":{"line":40,"column":7}}}},"branchMap":{"0":{"loc":{"start":{"line":34,"column":8},"end":{"line":38,"column":null}},"type":"if","locations":[{"start":{"line":34,"column":8},"end":{"line":38,"column":null}}]}},"s":{"0":1,"1":1,"2":1,"3":1,"4":1,"5":1,"6":1,"7":1,"8":1,"9":1,"10":1,"11":0,"12":1,"13":1},"f":{"0":1,"1":1,"2":1},"b":{"0":[0]}}
,"/home/eng1n3/Documents/on_board/adam-onboard/src/common/scalars/date.scalar.ts": {"path":"/home/eng1n3/Documents/on_board/adam-onboard/src/common/scalars/date.scalar.ts","statementMap":{"0":{"start":{"line":3,"column":0},"end":{"line":3,"column":55}},"1":{"start":{"line":4,"column":0},"end":{"line":4,"column":42}},"2":{"start":{"line":5,"column":0},"end":{"line":5,"column":33}},"3":{"start":{"line":8,"column":7},"end":{"line":26,"column":null}},"4":{"start":{"line":9,"column":2},"end":{"line":9,"column":42}},"5":{"start":{"line":12,"column":4},"end":{"line":12,"column":27}},"6":{"start":{"line":16,"column":27},"end":{"line":16,"column":61}},"7":{"start":{"line":17,"column":4},"end":{"line":17,"column":18}},"8":{"start":{"line":21,"column":4},"end":{"line":23,"column":null}},"9":{"start":{"line":22,"column":6},"end":{"line":22,"column":33}},"10":{"start":{"line":24,"column":4},"end":{"line":24,"column":16}},"11":{"start":{"line":8,"column":13},"end":{"line":26,"column":null}},"12":{"start":{"line":7,"column":26},"end":{"line":7,"column":30}},"13":{"start":{"line":8,"column":13},"end":{"line":8,"column":23}}},"fnMap":{"0":{"name":"(anonymous_1)","decl":{"start":{"line":8,"column":7},"end":{"line":8,"column":13}},"loc":{"start":{"line":8,"column":7},"end":{"line":26,"column":1}}},"1":{"name":"(anonymous_2)","decl":{"start":{"line":11,"column":2},"end":{"line":11,"column":12}},"loc":{"start":{"line":11,"column":26},"end":{"line":13,"column":3}}},"2":{"name":"(anonymous_3)","decl":{"start":{"line":15,"column":2},"end":{"line":15,"column":11}},"loc":{"start":{"line":15,"column":23},"end":{"line":18,"column":3}}},"3":{"name":"(anonymous_4)","decl":{"start":{"line":20,"column":2},"end":{"line":20,"column":14}},"loc":{"start":{"line":20,"column":29},"end":{"line":25,"column":3}}},"4":{"name":"(anonymous_5)","decl":{"start":{"line":7,"column":16},"end":{"line":7,"column":17}},"loc":{"start":{"line":7,"column":26},"end":{"line":7,"column":30}}}},"branchMap":{"0":{"loc":{"start":{"line":21,"column":4},"end":{"line":23,"column":null}},"type":"if","locations":[{"start":{"line":21,"column":4},"end":{"line":23,"column":null}}]}},"s":{"0":1,"1":1,"2":1,"3":1,"4":1,"5":0,"6":0,"7":0,"8":0,"9":0,"10":0,"11":1,"12":1,"13":1},"f":{"0":1,"1":0,"2":0,"3":0,"4":1},"b":{"0":[0]}}
,"/home/eng1n3/Documents/on_board/adam-onboard/src/database/data-source.ts": {"path":"/home/eng1n3/Documents/on_board/adam-onboard/src/database/data-source.ts","statementMap":{"0":{"start":{"line":1,"column":0},"end":{"line":1,"column":47}},"1":{"start":{"line":2,"column":0},"end":{"line":2,"column":56}},"2":{"start":{"line":3,"column":0},"end":{"line":3,"column":37}},"3":{"start":{"line":4,"column":0},"end":{"line":4,"column":28}},"4":{"start":{"line":6,"column":22},"end":{"line":6,"column":41}},"5":{"start":{"line":8,"column":13},"end":{"line":19,"column":2}},"6":{"start":{"line":21,"column":19},"end":{"line":21,"column":52}},"7":{"start":{"line":23,"column":0},"end":{"line":23,"column":26}}},"fnMap":{},"branchMap":{},"s":{"0":1,"1":1,"2":1,"3":1,"4":1,"5":1,"6":1,"7":1},"f":{},"b":{}}
,"/home/eng1n3/Documents/on_board/adam-onboard/src/database/migrations/1680761180424-Schema.ts": {"path":"/home/eng1n3/Documents/on_board/adam-onboard/src/database/migrations/1680761180424-Schema.ts","statementMap":{"0":{"start":{"line":4,"column":2},"end":{"line":4,"column":31}},"1":{"start":{"line":7,"column":4},"end":{"line":9,"column":6}},"2":{"start":{"line":10,"column":4},"end":{"line":12,"column":6}},"3":{"start":{"line":13,"column":4},"end":{"line":15,"column":6}},"4":{"start":{"line":16,"column":4},"end":{"line":18,"column":6}},"5":{"start":{"line":19,"column":4},"end":{"line":21,"column":6}},"6":{"start":{"line":22,"column":4},"end":{"line":24,"column":6}},"7":{"start":{"line":25,"column":4},"end":{"line":27,"column":6}},"8":{"start":{"line":31,"column":4},"end":{"line":33,"column":6}},"9":{"start":{"line":34,"column":4},"end":{"line":36,"column":6}},"10":{"start":{"line":37,"column":4},"end":{"line":39,"column":6}},"11":{"start":{"line":40,"column":4},"end":{"line":40,"column":53}},"12":{"start":{"line":41,"column":4},"end":{"line":41,"column":52}},"13":{"start":{"line":42,"column":4},"end":{"line":42,"column":49}},"14":{"start":{"line":43,"column":4},"end":{"line":43,"column":53}},"15":{"start":{"line":3,"column":0},"end":{"line":3,"column":13}}},"fnMap":{"0":{"name":"(anonymous_0)","decl":{"start":{"line":3,"column":0},"end":{"line":3,"column":13}},"loc":{"start":{"line":3,"column":0},"end":{"line":45,"column":1}}},"1":{"name":"(anonymous_1)","decl":{"start":{"line":6,"column":9},"end":{"line":6,"column":14}},"loc":{"start":{"line":6,"column":42},"end":{"line":28,"column":3}}},"2":{"name":"(anonymous_2)","decl":{"start":{"line":30,"column":9},"end":{"line":30,"column":14}},"loc":{"start":{"line":30,"column":44},"end":{"line":44,"column":3}}}},"branchMap":{},"s":{"0":1,"1":0,"2":0,"3":0,"4":0,"5":0,"6":0,"7":0,"8":0,"9":0,"10":0,"11":0,"12":0,"13":0,"14":0,"15":1},"f":{"0":1,"1":0,"2":0},"b":{}}
,"/home/eng1n3/Documents/on_board/adam-onboard/src/database/migrations/1682408360358-DocumentDescriptionOptional.ts": {"path":"/home/eng1n3/Documents/on_board/adam-onboard/src/database/migrations/1682408360358-DocumentDescriptionOptional.ts","statementMap":{"0":{"start":{"line":6,"column":2},"end":{"line":6,"column":52}},"1":{"start":{"line":9,"column":4},"end":{"line":11,"column":6}},"2":{"start":{"line":14,"column":4},"end":{"line":16,"column":6}},"3":{"start":{"line":3,"column":0},"end":{"line":3,"column":13}}},"fnMap":{"0":{"name":"(anonymous_0)","decl":{"start":{"line":3,"column":0},"end":{"line":3,"column":13}},"loc":{"start":{"line":3,"column":0},"end":{"line":18,"column":1}}},"1":{"name":"(anonymous_1)","decl":{"start":{"line":8,"column":9},"end":{"line":8,"column":14}},"loc":{"start":{"line":8,"column":42},"end":{"line":12,"column":3}}},"2":{"name":"(anonymous_2)","decl":{"start":{"line":13,"column":9},"end":{"line":13,"column":14}},"loc":{"start":{"line":13,"column":44},"end":{"line":17,"column":3}}}},"branchMap":{},"s":{"0":1,"1":0,"2":0,"3":1},"f":{"0":1,"1":0,"2":0},"b":{}}
,"/home/eng1n3/Documents/on_board/adam-onboard/src/document/document.module.ts": {"path":"/home/eng1n3/Documents/on_board/adam-onboard/src/document/document.module.ts","statementMap":{"0":{"start":{"line":1,"column":0},"end":{"line":1,"column":52}},"1":{"start":{"line":2,"column":0},"end":{"line":2,"column":53}},"2":{"start":{"line":3,"column":0},"end":{"line":3,"column":55}},"3":{"start":{"line":4,"column":0},"end":{"line":4,"column":48}},"4":{"start":{"line":5,"column":0},"end":{"line":5,"column":60}},"5":{"start":{"line":6,"column":0},"end":{"line":6,"column":59}},"6":{"start":{"line":7,"column":0},"end":{"line":7,"column":46}},"7":{"start":{"line":18,"column":7},"end":{"line":18,"column":null}},"8":{"start":{"line":18,"column":13},"end":{"line":18,"column":null}},"9":{"start":{"line":13,"column":21},"end":{"line":13,"column":34}},"10":{"start":{"line":18,"column":13},"end":{"line":18,"column":27}}},"fnMap":{"0":{"name":"(anonymous_1)","decl":{"start":{"line":13,"column":15},"end":{"line":13,"column":18}},"loc":{"start":{"line":13,"column":21},"end":{"line":13,"column":34}}}},"branchMap":{},"s":{"0":1,"1":1,"2":1,"3":1,"4":1,"5":1,"6":1,"7":1,"8":1,"9":3,"10":1},"f":{"0":3},"b":{}}
,"/home/eng1n3/Documents/on_board/adam-onboard/src/document/document.resolver.ts": {"path":"/home/eng1n3/Documents/on_board/adam-onboard/src/document/document.resolver.ts","statementMap":{"0":{"start":{"line":1,"column":0},"end":{"line":1,"column":null}},"1":{"start":{"line":9,"column":0},"end":{"line":9,"column":null}},"2":{"start":{"line":17,"column":0},"end":{"line":17,"column":62}},"3":{"start":{"line":18,"column":0},"end":{"line":18,"column":75}},"4":{"start":{"line":19,"column":0},"end":{"line":19,"column":62}},"5":{"start":{"line":20,"column":0},"end":{"line":20,"column":51}},"6":{"start":{"line":22,"column":0},"end":{"line":22,"column":61}},"7":{"start":{"line":23,"column":0},"end":{"line":23,"column":54}},"8":{"start":{"line":24,"column":0},"end":{"line":24,"column":53}},"9":{"start":{"line":25,"column":0},"end":{"line":25,"column":62}},"10":{"start":{"line":26,"column":0},"end":{"line":26,"column":64}},"11":{"start":{"line":27,"column":0},"end":{"line":27,"column":64}},"12":{"start":{"line":28,"column":0},"end":{"line":28,"column":60}},"13":{"start":{"line":31,"column":0},"end":{"line":31,"column":51}},"14":{"start":{"line":32,"column":0},"end":{"line":32,"column":47}},"15":{"start":{"line":35,"column":31},"end":{"line":35,"column":48}},"16":{"start":{"line":36,"column":31},"end":{"line":36,"column":48}},"17":{"start":{"line":37,"column":29},"end":{"line":37,"column":44}},"18":{"start":{"line":40,"column":7},"end":{"line":303,"column":null}},"19":{"start":{"line":42,"column":29},"end":{"line":42,"column":37}},"20":{"start":{"line":43,"column":12},"end":{"line":43,"column":29}},"21":{"start":{"line":44,"column":12},"end":{"line":44,"column":28}},"22":{"start":{"line":53,"column":4},"end":{"line":53,"column":61}},"23":{"start":{"line":62,"column":4},"end":{"line":62,"column":61}},"24":{"start":{"line":71,"column":4},"end":{"line":71,"column":59}},"25":{"start":{"line":81,"column":4},"end":{"line":85,"column":null}},"26":{"start":{"line":82,"column":6},"end":{"line":82,"column":39}},"27":{"start":{"line":84,"column":6},"end":{"line":84,"column":18}},"28":{"start":{"line":95,"column":4},"end":{"line":99,"column":null}},"29":{"start":{"line":96,"column":6},"end":{"line":96,"column":39}},"30":{"start":{"line":98,"column":6},"end":{"line":98,"column":18}},"31":{"start":{"line":109,"column":4},"end":{"line":113,"column":null}},"32":{"start":{"line":110,"column":6},"end":{"line":110,"column":40}},"33":{"start":{"line":112,"column":6},"end":{"line":112,"column":18}},"34":{"start":{"line":124,"column":4},"end":{"line":128,"column":null}},"35":{"start":{"line":125,"column":6},"end":{"line":125,"column":49}},"36":{"start":{"line":127,"column":6},"end":{"line":127,"column":18}},"37":{"start":{"line":144,"column":4},"end":{"line":153,"column":null}},"38":{"start":{"line":145,"column":20},"end":{"line":148,"column":null}},"39":{"start":{"line":150,"column":6},"end":{"line":150,"column":19}},"40":{"start":{"line":152,"column":6},"end":{"line":152,"column":18}},"41":{"start":{"line":168,"column":4},"end":{"line":177,"column":null}},"42":{"start":{"line":169,"column":20},"end":{"line":172,"column":null}},"43":{"start":{"line":174,"column":6},"end":{"line":174,"column":19}},"44":{"start":{"line":176,"column":6},"end":{"line":176,"column":18}},"45":{"start":{"line":191,"column":19},"end":{"line":193,"column":null}},"46":{"start":{"line":195,"column":4},"end":{"line":195,"column":77}},"47":{"start":{"line":196,"column":4},"end":{"line":196,"column":18}},"48":{"start":{"line":210,"column":19},"end":{"line":212,"column":null}},"49":{"start":{"line":214,"column":4},"end":{"line":214,"column":77}},"50":{"start":{"line":215,"column":4},"end":{"line":215,"column":18}},"51":{"start":{"line":236,"column":4},"end":{"line":245,"column":null}},"52":{"start":{"line":237,"column":21},"end":{"line":240,"column":null}},"53":{"start":{"line":242,"column":6},"end":{"line":242,"column":20}},"54":{"s
[...]
:17}},"loc":{"start":{"line":165,"column":6},"end":{"line":165,"column":50}}},"31":{"name":"(anonymous_35)","decl":{"start":{"line":178,"column":9},"end":{"line":178,"column":10}},"loc":{"start":{"line":178,"column":22},"end":{"line":178,"column":28}}},"32":{"name":"(anonymous_36)","decl":{"start":{"line":180,"column":16},"end":{"line":180,"column":17}},"loc":{"start":{"line":181,"column":6},"end":{"line":181,"column":50}}},"33":{"name":"(anonymous_37)","decl":{"start":{"line":194,"column":9},"end":{"line":194,"column":10}},"loc":{"start":{"line":194,"column":22},"end":{"line":194,"column":25}}},"34":{"name":"(anonymous_38)","decl":{"start":{"line":206,"column":16},"end":{"line":206,"column":19}},"loc":{"start":{"line":206,"column":22},"end":{"line":206,"column":31}}},"35":{"name":"(anonymous_39)","decl":{"start":{"line":224,"column":16},"end":{"line":224,"column":19}},"loc":{"start":{"line":224,"column":22},"end":{"line":224,"column":31}}},"36":{"name":"(anonymous_40)","decl":{"start":{"line":44,"column":10},"end":{"line":44,"column":13}},"loc":{"start":{"line":44,"column":16},"end":{"line":44,"column":20}}}},"branchMap":{},"s":{"0":1,"1":1,"2":1,"3":1,"4":1,"5":1,"6":1,"7":1,"8":1,"9":1,"10":1,"11":1,"12":1,"13":1,"14":1,"15":1,"16":1,"17":1,"18":1,"19":1,"20":1,"21":1,"22":1,"23":0,"24":0,"25":0,"26":0,"27":0,"28":0,"29":0,"30":0,"31":0,"32":0,"33":0,"34":0,"35":0,"36":0,"37":0,"38":0,"39":0,"40":0,"41":0,"42":0,"43":0,"44":0,"45":0,"46":0,"47":0,"48":0,"49":1,"50":2,"51":0,"52":1,"53":2,"54":0,"55":1,"56":2,"57":0,"58":1,"59":2,"60":1,"61":2,"62":1,"63":2,"64":1,"65":2,"66":1,"67":2,"68":1,"69":2,"70":1,"71":2,"72":1,"73":2,"74":0,"75":1,"76":2,"77":0,"78":1,"79":2,"80":1,"81":2,"82":1,"83":0,"84":1,"85":4,"86":1},"f":{"0":1,"1":0,"2":0,"3":0,"4":0,"5":0,"6":0,"7":0,"8":0,"9":0,"10":0,"11":0,"12":0,"13":0,"14":0,"15":0,"16":2,"17":0,"18":2,"19":0,"20":2,"21":0,"22":2,"23":2,"24":2,"25":2,"26":2,"27":2,"28":2,"29":2,"30":0,"31":2,"32":0,"33":2,"34":2,"35":0,"36":4},"b":{}}
,"/home/eng1n3/Documents/on_board/adam-onboard/src/users/users.service.ts": {"path":"/home/eng1n3/Documents/on_board/adam-onboard/src/users/users.service.ts","statementMap":{"0":{"start":{"line":2,"column":0},"end":{"line":2,"column":33}},"1":{"start":{"line":3,"column":0},"end":{"line":3,"column":65}},"2":{"start":{"line":4,"column":0},"end":{"line":4,"column":36}},"3":{"start":{"line":5,"column":0},"end":{"line":5,"column":51}},"4":{"start":{"line":7,"column":0},"end":{"line":7,"column":44}},"5":{"start":{"line":8,"column":0},"end":{"line":8,"column":46}},"6":{"start":{"line":11,"column":0},"end":{"line":11,"column":71}},"7":{"start":{"line":12,"column":0},"end":{"line":12,"column":28}},"8":{"start":{"line":16,"column":7},"end":{"line":238,"column":null}},"9":{"start":{"line":20,"column":36},"end":{"line":20,"column":52}},"10":{"start":{"line":17,"column":10},"end":{"line":17,"column":41}},"11":{"start":{"line":27,"column":25},"end":{"line":27,"column":75}},"12":{"start":{"line":28,"column":43},"end":{"line":28,"column":51}},"13":{"start":{"line":29,"column":28},"end":{"line":32,"column":7}},"14":{"start":{"line":33,"column":39},"end":{"line":41,"column":6}},"15":{"start":{"line":34,"column":6},"end":{"line":40,"column":71}},"16":{"start":{"line":40,"column":28},"end":{"line":40,"column":69}},"17":{"start":{"line":42,"column":4},"end":{"line":42,"column":27}},"18":{"start":{"line":49,"column":4},"end":{"line":103,"column":null}},"19":{"start":{"line":51,"column":25},"end":{"line":51,"column":48}},"20":{"start":{"line":52,"column":20},"end":{"line":52,"column":49}},"21":{"start":{"line":53,"column":24},"end":{"line":61,"column":8}},"22":{"start":{"line":62,"column":6},"end":{"line":67,"column":null}},"23":{"start":{"line":63,"column":8},"end":{"line":66,"column":10}},"24":{"start":{"line":69,"column":6},"end":{"line":83,"column":null}},"25":{"start":{"line":70,"column":27},"end":{"line":71,"column":null}},"26":{"start":{"line":73,"column":8},"end":{"line":78,"column":null}},"27":{"start":{"line":74,"column":10},"end":{"line":77,"column":13}},"28":{"start":{"line":79,"column":8},"end":{"line":80,"column":61}},"29":{"start":{"line":80,"column":10},"end":{"line":80,"column":61}},"30":{"start":{"line":81,"column":26},"end":{"line":81,"column":55}},"31":{"start":{"line":82,"column":8},"end":{"line":82,"column":73}},"32":{"start":{"line":84,"column":20},"end":{"line":87,"column":null}},"33":{"start":{"line":89,"column":6},"end":{"line":89,"column":54}},"34":{"start":{"line":90,"column":18},"end":{"line":92,"column":null}},"35":{"start":{"line":94,"column":6},"end":{"line":94,"column":20}},"36":{"start":{"line":96,"column":6},"end":{"line":101,"column":null}},"37":{"start":{"line":100,"column":8},"end":{"line":100,"column":64}},"38":{"start":{"line":102,"column":6},"end":{"line":102,"column":18}},"39":{"start":{"line":107,"column":22},"end":{"line":110,"column":6}},"40":{"start":{"line":111,"column":4},"end":{"line":113,"column":null}},"41":{"start":{"line":112,"column":6},"end":{"line":112,"column":55}},"42":{"start":{"line":114,"column":4},"end":{"line":114,"column":45}},"43":{"start":{"line":115,"column":4},"end":{"line":118,"column":7}},"44":{"start":{"line":120,"column":4},"end":{"line":125,"column":6}},"45":{"start":{"line":121,"column":6},"end":{"line":124,"column":8}},"46":{"start":{"line":126,"column":4},"end":{"line":126,"column":21}},"47":{"start":{"line":130,"column":4},"end":{"line":130,"column":59}},"48":{"start":{"line":134,"column":19},"end":{"line":142,"column":6}},"49":{"start":{"line":143,"column":4},"end":{"line":143,"column":18}},"50":{"start":{"line":147,"column":19},"end":{"line":155,"column":6}},"51":{"start":{"line":156,"column":4},"end":{"line":156,"column":18}},"52":{"start":{"line":163,"column":4},"end":{"line":189,"column":null}},"53":{"start":{"line":164,"column":27},"end":{"line":166,"column":null}},"54":{"start":{"line":168,"column":24},"end":{"line":168,"column":51}},"55":{"start":{"line":169,"column":20},"end":{"line":175,"column":null}},"56":{"start":{"line":177,"column":6},"end":{"line":177,"column":44}},"57":{"start":{"line":178,"column":6},"end":{"line":180,"column":9}},"58":{"start":{"line":181,"column":6},"end":{"line":181,"column":19}},"59":{"start":{"line":183,"column":6},"end":{"line":188,"column":null}},"60":{"start":{"line":187,"column":8},"end":{"line":187,"column":64}},"61":{"start":{"line":194,"column":18},"end":{"line":194,"column":35}},"62":{"start":{"line":195,"column":4},"end":{"line":198,"column":null}},"63":{"start":{"line":196,"column":6},"end":{"line":196,"column":42}},"64":{"start":{"line":197,"column":6},"end":{"line":197,"column":42}},"65":{"start":{"line":199,"column":19},"end":{"line":219,"column":6}},"66":{"start":{"line":220,"column":4},"end":{"line":220,"column":18}},"67":{"start":{"line":224,"column":19},"end":{"line":235,"column":6}},"68":{"start":{"line":236,"column":4},"end":{"line":236,"column":18}},"69":{"start":{"line":16,"column":13},"end":{"line":238,"column":null}},"70":{"start":{"line":16,"column":13},"end":{"line":16,"column":25}}},"fnMap":{"0":{"name":"(anonymous_4)","decl":{"start":{"line":19,"column":2},"end":{"line":19,"column":null}},"loc":{"start":{"line":20,"column":68},"end":{"line":21,"column":6}}},"1":{"name":"(anonymous_5)","decl":{"start":{"line":23,"column":10},"end":{"line":23,"column":15}},"loc":{"start":{"line":25,"column":20},"end":{"line":43,"column":3}}},"2":{"name":"(anonymous_6)","decl":{"start":{"line":33,"column":51},"end":{"line":33,"column":52}},"loc":{"start":{"line":33,"column":63},"end":{"line":41,"column":5}}},"3":{"name":"(anonymous_7)","decl":{"start":{"line":40,"column":22},"end":{"line":40,"column":25}},"loc":{"start":{"line":40,"column":28},"end":{"line":40,"column":69}}},"4":{"name":"(anonymous_8)","decl":{"start":{"line":45,"column":2},"end":{"line":45,"column":7}},"loc":{"start":{"line":47,"column":38},"end":{"line":104,"column":3}}},"5":{"name":"(anonymous_9)","decl":{"start":{"line":106,"column":2},"end":{"line":106,"column":7}},"loc":{"start":{"line":106,"column":33},"end":{"line":127,"column":3}}},"6":{"name":"(anonymous_10)","decl":{"start":{"line":120,"column":30},"end":{"line":120,"column":31}},"loc":{"start":{"line":121,"column":6},"end":{"line":124,"column":8}}},"7":{"name":"(anonymous_11)","decl":{"start":{"line":129,"column":2},"end":{"line":129,"column":7}},"loc":{"start":{"line":129,"column":55},"end":{"line":131,"column":3}}},"8":{"name":"(anonymous_12)","decl":{"start":{"line":133,"column":2},"end":{"line":133,"column":7}},"loc":{"start":{"line":133,"column":38},"end":{"line":144,"column":3}}},"9":{"name":"(anonymous_13)","decl":{"start":{"line":146,"column":2},"end":{"line":146,"column":7}},"loc":{"start":{"line":146,"column":36},"end":{"line":157,"column":3}}},"10":{"name":"(anonymous_14)","decl":{"start":{"line":159,"column":2},"end":{"line":159,"column":7}},"loc":{"start":{"line":161,"column":40},"end":{"line":190,"column":3}}},"11":{"name":"(anonymous_15)","decl":{"start":{"line":192,"column":2},"end":{"line":192,"column":7}},"loc":{"start":{"line":192,"column":48},"end":{"line":221,"column":3}}},"12":{"name":"(anonymous_16)","decl":{"start":{"line":223,"column":2},"end":{"line":223,"column":7}},"loc":{"start":{"line":223,"column":38},"end":{"line":237,"column":3}}}},"branchMap":{"0":{"loc":{"start":{"line":62,"column":6},"end":{"line":67,"column":null}},"type":"if","locations":[{"start":{"line":62,"column":6},"end":{"line":67,"column":null}}]},"1":{"loc":{"start":{"line":69,"column":6},"end":{"line":83,"column":null}},"type":"if","locations":[{"start":{"line":69,"column":6},"end":{"line":83,"column":null}}]},"2":{"loc":{"start":{"line":73,"column":8},"end":{"line":78,"column":null}},"type":"if","locations":[{"start":{"line":73,"column":8},"end":{"line":78,"column":null}}]},"3":{"loc":{"start":{"line":79,"column":8},"end":{"line":80,"column":61}},"type":"if","locations":[{"start":{"line":79,"column":8},"end":{"line":80,"column":61}}]},"4":{"loc":{"start":{"line":96,"column":6},"end":{"line":101,"column":null}},"type":"if","locations":[{"start":{"line":96,"column":6},"end":{"line":101,"column":null}}]},"5":{"loc":{"start":{"line":97,"column":8},"end":{"line":98,"column":38}},"type":"binary-expr","locations":[{"start":{"line":97,"column":8},"end":{"line":97,"column":53}},{"start":{"line":98,"column":8},"end":{"line":98,"column":38}}]},"6":{"loc":{"start":{"line":111,"column":4},"end":{"line":113,"column":null}},"type":"if","locations":[{"start":{"line":111,"column":4},"end":{"line":113,"column":null}}]},"7":{"loc":{"start":{"line":183,"column":6},"end":{"line":188,"column":null}},"type":"if","locations":[{"start":{"line":183,"column":6},"end":{"line":188,"column":null}}]},"8":{"loc":{"start":{"line":184,"column":8},"end":{"line":185,"column":38}},"type":"binary-expr","locations":[{"start":{"line":184,"column":8},"end":{"line":184,"column":53}},{"start":{"line":185,"column":8},"end":{"line":185,"column":38}}]},"9":{"loc":{"start":{"line":195,"column":4},"end":{"line":198,"column":null}},"type":"if","locations":[{"start":{"line":195,"column":4},"end":{"line":198,"column":null}}]},"10":{"loc":{"start":{"line":202,"column":27},"end":{"line":202,"column":52}},"type":"binary-expr","locations":[{"start":{"line":202,"column":27},"end":{"line":202,"column":46}},{"start":{"line":202,"column":50},"end":{"line":202,"column":52}}]},"11":{"loc":{"start":{"line":206,"column":30},"end":{"line":206,"column":55}},"type":"binary-expr","locations":[{"start":{"line":206,"column":30},"end":{"line":206,"column":49}},{"start":{"line":206,"column":53},"end":{"line":206,"column":55}}]},"12":{"loc":{"start":{"line":227,"column":27},"end":{"line":227,"column":48}},"type":"binary-expr","locations":[{"start":{"line":227,"column":27},"end":{"line":227,"column":42}},{"start":{"line":227,"column":46},"end":{"line":227,"column":48}}]},"13":{"loc":{"start":{"line":231,"column":30},"end":{"line":231,"column":51}},"type":"binary-expr","locations":[{"start":{"line":231,"column":30},"end":{"line":231,"column":45}},{"start":{"line":231,"column":49},"end":{"line":231,"column":51}}]}},"s":{"0":1,"1":1,"2":1,"3":1,"4":1,"5":1,"6":1,"7":1,"8":1,"9":0,"10":0,"11":0,"12":0,"13":0,"14":0,"15":0,"16":0,"17":0,"18":0,"19":0,"20":0,"21":0,"22":0,"23":0,"24":0,"25":0,"26":0,"27":0,"28":0,"29":0,"30":0,"31":0,"32":0,"33":0,"34":0,"35":0,"36":0,"37":0,"38":0,"39":0,"40":0,"41":0,"42":0,"43":0,"44":0,"45":0,"46":0,"47":0,"48":0,"49":0,"50":0,"51":0,"52":0,"53":0,"54":0,"55":0,"56":0,"57":0,"58":0,"59":0,"60":0,"61":0,"62":0,"63":0,"64":0,"65":0,"66":0,"67":0,"68":0,"69":1,"70":1},"f":{"0":0,"1":0,"2":0,"3":0,"4":0,"5":0,"6":0,"7":0,"8":0,"9":0,"10":0,"11":0,"12":0},"b":{"0":[0],"1":[0],"2":[0],"3":[0],"4":[0],"5":[0,0],"6":[0],"7":[0],"8":[0,0],"9":[0],"10":[0,0],"11":[0,0],"12":[0,0],"13":[0,0]}}
,"/home/eng1n3/Documents/on_board/adam-onboard/src/users/dto/get-user.input.ts": {"path":"/home/eng1n3/Documents/on_board/adam-onboard/src/users/dto/get-user.input.ts","statementMap":{"0":{"start":{"line":1,"column":0},"end":{"line":1,"column":51}},"1":{"start":{"line":2,"column":0},"end":{"line":2,"column":45}},"2":{"start":{"line":3,"column":0},"end":{"line":3,"column":66}},"3":{"start":{"line":5,"column":0},"end":{"line":5,"column":44}},"4":{"start":{"line":29,"column":7},"end":{"line":51,"column":null}},"5":{"start":{"line":30,"column":2},"end":{"line":35,"column":null}},"6":{"start":{"line":30,"column":20},"end":{"line":30,"column":35}},"7":{"start":{"line":37,"column":2},"end":{"line":43,"column":null}},"8":{"start":{"line":37,"column":15},"end":{"line":37,"column":26}},"9":{"start":{"line":45,"column":2},"end":{"line":50,"column":null}},"10":{"start":{"line":29,"column":13},"end":{"line":51,"column":null}},"11":{"start":{"line":29,"column":13},"end":{"line":29,"column":25}}},"fnMap":{"0":{"name":"(anonymous_2)","decl":{"start":{"line":30,"column":9},"end":{"line":30,"column":10}},"loc":{"start":{"line":30,"column":20},"end":{"line":30,"column":35}}},"1":{"name":"(anonymous_3)","decl":{"start":{"line":37,"column":9},"end":{"line":37,"column":12}},"loc":{"start":{"line":37,"column":15},"end":{"line":37,"column":26}}}},"branchMap":{},"s":{"0":1,"1":1,"2":1,"3":1,"4":1,"5":1,"6":1,"7":1,"8":1,"9":1,"10":1,"11":1},"f":{"0":1,"1":1},"b":{}}
,"/home/eng1n3/Documents/on_board/adam-onboard/src/users/dto/register.input.ts": {"path":"/home/eng1n3/Documents/on_board/adam-onboard/src/users/dto/register.input.ts","statementMap":{"0":{"start":{"line":1,"column":0},"end":{"line":1,"column":61}},"1":{"start":{"line":2,"column":0},"end":{"line":2,"column":null}},"2":{"start":{"line":9,"column":0},"end":{"line":9,"column":59}},"3":{"start":{"line":10,"column":0},"end":{"line":10,"column":79}},"4":{"start":{"line":11,"column":0},"end":{"line":11,"column":73}},"5":{"start":{"line":12,"column":0},"end":{"line":12,"column":74}},"6":{"start":{"line":13,"column":0},"end":{"line":13,"column":62}},"7":{"start":{"line":16,"column":7},"end":{"line":70,"column":null}},"8":{"start":{"line":17,"column":2},"end":{"line":20,"column":null}},"9":{"start":{"line":22,"column":2},"end":{"line":26,"column":null}},"10":{"start":{"line":28,"column":2},"end":{"line":32,"column":null}},"11":{"start":{"line":34,"column":2},"end":{"line":37,"column":null}},"12":{"start":{"line":39,"column":2},"end":{"line":45,"column":null}},"13":{"start":{"line":47,"column":2},"end":{"line":53,"column":null}},"14":{"start":{"line":55,"column":2},"end":{"line":61,"column":null}},"15":{"start":{"line":63,"column":2},"end":{"line":69,"column":null}},"16":{"start":{"line":63,"column":15},"end":{"line":63,"column":28}},"17":{"start":{"line":16,"column":13},"end":{"line":70,"column":null}},"18":{"start":{"line":16,"column":13},"end":{"line":16,"column":30}},"19":{"start":{"line":73,"column":7},"end":{"line":78,"column":null}},"20":{"start":{"line":73,"column":13},"end":{"line":78,"column":null}},"21":{"start":{"line":73,"column":13},"end":{"line":73,"column":31}}},"fnMap":{"0":{"name":"(anonymous_2)","decl":{"start":{"line":63,"column":9},"end":{"line":63,"column":12}},"loc":{"start":{"line":63,"column":15},"end":{"line":63,"column":28}}}},"branchMap":{},"s":{"0":1,"1":1,"2":1,"3":1,"4":1,"5":1,"6":1,"7":1,"8":1,"9":1,"10":1,"11":1,"12":1,"13":1,"14":1,"15":1,"16":4,"17":1,"18":1,"19":1,"20":1,"21":1},"f":{"0":4},"b":{}}
,"/home/eng1n3/Documents/on_board/adam-onboard/src/users/dto/update.input.ts": {"path":"/home/eng1n3/Documents/on_board/adam-onboard/src/users/dto/update.input.ts","statementMap":{"0":{"start":{"line":1,"column":0},"end":{"line":1,"column":57}},"1":{"start":{"line":2,"column":0},"end":{"line":2,"column":53}},"2":{"start":{"line":5,"column":7},"end":{"line":5,"column":null}},"3":{"start":{"line":5,"column":13},"end":{"line":5,"column":null}},"4":{"start":{"line":5,"column":13},"end":{"line":5,"column":28}}},"fnMap":{},"branchMap":{},"s":{"0":1,"1":1,"2":1,"3":1,"4":1},"f":{},"b":{}}
,"/home/eng1n3/Documents/on_board/adam-onboard/src/users/entities/user.entity.ts": {"path":"/home/eng1n3/Documents/on_board/adam-onboard/src/users/entities/user.entity.ts","statementMap":{"0":{"start":{"line":1,"column":0},"end":{"line":1,"column":63}},"1":{"start":{"line":2,"column":0},"end":{"line":2,"column":45}},"2":{"start":{"line":3,"column":0},"end":{"line":3,"column":79}},"3":{"start":{"line":4,"column":0},"end":{"line":4,"column":62}},"4":{"start":{"line":5,"column":0},"end":{"line":5,"column":null}},"5":{"start":{"line":16,"column":7},"end":{"line":104,"column":null}},"6":{"start":{"line":17,"column":2},"end":{"line":22,"column":null}},"7":{"start":{"line":28,"column":2},"end":{"line":30,"column":null}},"8":{"start":{"line":32,"column":2},"end":{"line":33,"column":null}},"9":{"start":{"line":35,"column":2},"end":{"line":42,"column":null}},"10":{"start":{"line":44,"column":2},"end":{"line":53,"column":null}},"11":{"start":{"line":55,"column":2},"end":{"line":61,"column":null}},"12":{"start":{"line":63,"column":2},"end":{"line":67,"column":null}},"13":{"start":{"line":69,"column":2},"end":{"line":75,"column":null}},"14":{"start":{"line":77,"column":2},"end":{"line":83,"column":null}},"15":{"start":{"line":85,"column":2},"end":{"line":89,"column":null}},"16":{"start":{"line":86,"column":15},"end":{"line":86,"column":19}},"17":{"start":{"line":91,"column":2},"end":{"line":95,"column":null}},"18":{"start":{"line":92,"column":15},"end":{"line":92,"column":19}},"19":{"start":{"line":97,"column":2},"end":{"line":103,"column":null}},"20":{"start":{"line":97,"column":19},"end":{"line":97,"column":26}},"21":{"start":{"line":97,"column":41},"end":{"line":97,"column":53}},"22":{"start":{"line":98,"column":15},"end":{"line":98,"column":24}},"23":{"start":{"line":16,"column":13},"end":{"line":104,"column":null}},"24":{"start":{"line":16,"column":13},"end":{"line":16,"column":17}}},"fnMap":{"0":{"name":"(anonymous_2)","decl":{"start":{"line":86,"column":9},"end":{"line":86,"column":12}},"loc":{"start":{"line":86,"column":15},"end":{"line":86,"column":19}}},"1":{"name":"(anonymous_3)","decl":{"start":{"line":92,"column":9},"end":{"line":92,"column":12}},"loc":{"start":{"line":92,"column":15},"end":{"line":92,"column":19}}},"2":{"name":"(anonymous_4)","decl":{"start":{"line":97,"column":13},"end":{"line":97,"column":16}},"loc":{"start":{"line":97,"column":19},"end":{"line":97,"column":26}}},"3":{"name":"(anonymous_5)","decl":{"start":{"line":97,"column":28},"end":{"line":97,"column":29}},"loc":{"start":{"line":97,"column":41},"end":{"line":97,"column":53}}},"4":{"name":"(anonymous_6)","decl":{"start":{"line":98,"column":9},"end":{"line":98,"column":12}},"loc":{"start":{"line":98,"column":15},"end":{"line":98,"column":24}}}},"branchMap":{},"s":{"0":1,"1":1,"2":1,"3":1,"4":1,"5":1,"6":1,"7":1,"8":1,"9":1,"10":1,"11":1,"12":1,"13":1,"14":1,"15":1,"16":3,"17":1,"18":3,"19":1,"20":1,"21":1,"22":3,"23":1,"24":1},"f":{"0":3,"1":3,"2":1,"3":1,"4":3},"b":{}}
}
