TN:
SF:src/app.module.ts
FN:33,(anonymous_1)
FNF:1
FNH:1
FNDA:1,(anonymous_1)
DA:2,1
DA:3,1
DA:4,1
DA:5,1
DA:6,1
DA:7,1
DA:8,1
DA:9,1
DA:10,1
DA:11,1
DA:12,1
DA:13,1
DA:14,1
DA:15,1
DA:16,1
DA:34,1
DA:62,1
LF:17
LH:17
BRF:0
BRH:0
end_of_record
TN:
SF:src/auth/auth.module.ts
FN:21,(anonymous_1)
FNF:1
FNH:1
FNDA:1,(anonymous_1)
DA:1,1
DA:2,1
DA:3,1
DA:4,1
DA:5,1
DA:6,1
DA:7,1
DA:8,1
DA:9,1
DA:10,1
DA:11,1
DA:12,1
DA:22,1
DA:43,1
LF:14
LH:14
BRF:0
BRH:0
end_of_record
TN:
SF:src/auth/auth.resolver.ts
FN:30,(anonymous_4)
FN:33,(anonymous_5)
FN:44,(anonymous_6)
FN:53,(anonymous_7)
FN:62,(anonymous_8)
FN:73,(anonymous_9)
FN:86,(anonymous_10)
FN:102,(anonymous_11)
FN:116,(anonymous_12)
FN:132,(anonymous_13)
FN:32,(anonymous_14)
FN:43,(anonymous_15)
FN:52,(anonymous_16)
FN:61,(anonymous_17)
FN:72,(anonymous_18)
FN:85,(anonymous_19)
FN:101,(anonymous_20)
FN:115,(anonymous_21)
FN:131,(anonymous_22)
FNF:19
FNH:10
FNDA:1,(anonymous_4)
FNDA:0,(anonymous_5)
FNDA:0,(anonymous_6)
FNDA:0,(anonymous_7)
FNDA:0,(anonymous_8)
FNDA:0,(anonymous_9)
FNDA:0,(anonymous_10)
FNDA:0,(anonymous_11)
FNDA:0,(anonymous_12)
FNDA:0,(anonymous_13)
FNDA:2,(anonymous_14)
FNDA:2,(anonymous_15)
FNDA:2,(anonymous_16)
FNDA:2,(anonymous_17)
FNDA:2,(anonymous_18)
FNDA:2,(anonymous_19)
FNDA:2,(anonymous_20)
FNDA:2,(anonymous_21)
FNDA:2,(anonymous_22)
DA:1,1
DA:2,1
DA:10,1
DA:11,1
DA:12,1
DA:13,1
DA:14,1
DA:15,1
DA:16,1
DA:17,1
DA:18,1
DA:19,1
DA:20,1
DA:23,1
DA:26,1
DA:29,1
DA:30,1
DA:32,2
DA:33,1
DA:34,0
DA:35,0
DA:37,0
DA:43,2
DA:44,1
DA:45,0
DA:46,0
DA:48,0
DA:52,2
DA:53,1
DA:54,0
DA:55,0
DA:57,0
DA:61,2
DA:62,1
DA:63,0
DA:64,0
DA:66,0
DA:72,2
DA:73,1
DA:74,0
DA:75,0
DA:76,0
DA:77,0
DA:79,0
DA:85,2
DA:86,1
DA:90,0
DA:91,0
DA:95,0
DA:97,0
DA:101,2
DA:102,1
DA:103,0
DA:104,0
DA:105,0
DA:106,0
DA:107,0
DA:108,0
DA:110,0
DA:115,2
DA:116,1
DA:121,0
DA:122,0
DA:123,0
DA:124,0
DA:126,0
DA:131,2
DA:132,1
DA:138,0
DA:139,0
DA:140,0
DA:141,0
DA:143,0
LF:73
LH:35
BRDA:105,0,0,0
BRDA:105,1,0,0
BRDA:105,1,1,0
BRDA:105,1,2,0
BRF:4
BRH:0
end_of_record
TN:
SF:src/auth/auth.service.ts
FN:16,(anonymous_2)
FN:22,(anonymous_3)
FN:41,(anonymous_4)
FN:50,(anonymous_5)
FN:81,(anonymous_6)
FN:91,(anonymous_7)
FN:101,(anonymous_8)
FN:116,(anonymous_9)
FNF:8
FNH:1
FNDA:1,(anonymous_2)
FNDA:0,(anonymous_3)
FNDA:0,(anonymous_4)
FNDA:0,(anonymous_5)
FNDA:0,(anonymous_6)
FNDA:0,(anonymous_7)
FNDA:0,(anonymous_8)
FNDA:0,(anonymous_9)
DA:3,1
DA:5,1
DA:6,1
DA:7,1
DA:8,1
DA:9,1
DA:10,1
DA:13,1
DA:14,1
DA:17,1
DA:18,1
DA:19,1
DA:23,0
DA:28,0
DA:31,0
DA:34,0
DA:38,0
DA:42,0
DA:43,0
DA:44,0
DA:46,0
DA:51,0
DA:52,0
DA:57,0
DA:58,0
DA:59,0
DA:62,0
DA:65,0
DA:70,0
DA:77,0
DA:82,0
DA:87,0
DA:88,0
DA:92,0
DA:93,0
DA:94,0
DA:95,0
DA:97,0
DA:102,0
DA:103,0
DA:104,0
DA:105,0
DA:106,0
DA:107,0
DA:110,0
DA:112,0
DA:117,0
DA:118,0
DA:119,0
DA:120,0
DA:121,0
DA:122,0
DA:125,0
DA:127,0
LF:54
LH:12
BRDA:94,0,0,0
BRDA:104,1,0,0
BRDA:104,2,0,0
BRDA:104,2,1,0
BRDA:106,3,0,0
BRDA:119,4,0,0
BRDA:119,5,0,0
BRDA:119,5,1,0
BRDA:121,6,0,0
BRF:9
BRH:0
end_of_record
TN:
SF:src/auth/dto/change-password.input.ts
FNF:0
FNH:0
DA:1,1
DA:2,1
DA:5,1
LF:3
LH:3
BRF:0
BRH:0
end_of_record
TN:
SF:src/auth/guards/change-password.auth.guard.ts
FN:10,(anonymous_2)
FN:14,(anonymous_3)
FN:25,(anonymous_4)
FN:31,(anonymous_5)
FNF:4
FNH:1
FNDA:1,(anonymous_2)
FNDA:0,(anonymous_3)
FNDA:0,(anonymous_4)
FNDA:0,(anonymous_5)
DA:1,1
DA:2,1
DA:3,1
DA:4,1
DA:5,1
DA:9,1
DA:10,1
DA:11,1
DA:15,0
DA:16,0
DA:17,0
DA:18,0
DA:22,0
DA:23,0
DA:24,0
DA:25,0
DA:27,0
DA:32,0
DA:33,0
LF:19
LH:8
BRDA:22,0,0,0
BRDA:25,1,0,0
BRDA:25,1,1,0
BRDA:25,2,0,0
BRDA:25,2,1,0
BRF:5
BRH:0
end_of_record
TN:
SF:src/auth/guards/jwt-auth.guard.ts
FN:10,(anonymous_2)
FN:14,(anonymous_3)
FN:25,(anonymous_4)
FN:31,(anonymous_5)
FNF:4
FNH:1
FNDA:4,(anonymous_2)
FNDA:0,(anonymous_3)
FNDA:0,(anonymous_4)
FNDA:0,(anonymous_5)
DA:1,1
DA:2,1
DA:3,1
DA:4,1
DA:5,1
DA:9,1
DA:10,4
DA:11,4
DA:15,0
DA:16,0
DA:17,0
DA:18,0
DA:22,0
DA:23,0
DA:24,0
DA:25,0
DA:27,0
DA:32,0
DA:33,0
LF:19
LH:8
BRDA:22,0,0,0
BRDA:25,1,0,0
BRDA:25,1,1,0
BRDA:25,2,0,0
BRDA:25,2,1,0
BRF:5
BRH:0
end_of_record
TN:
SF:src/auth/guards/jwt-refresh.auth.guard.ts
FN:15,(anonymous_2)
FN:19,(anonymous_3)
FN:30,(anonymous_4)
FN:36,(anonymous_5)
FN:43,(anonymous_6)
FNF:5
FNH:1
FNDA:1,(anonymous_2)
FNDA:0,(anonymous_3)
FNDA:0,(anonymous_4)
FNDA:0,(anonymous_5)
FNDA:0,(anonymous_6)
DA:2,1
DA:7,1
DA:8,1
DA:9,1
DA:10,1
DA:14,1
DA:15,1
DA:16,1
DA:20,0
DA:21,0
DA:22,0
DA:23,0
DA:27,0
DA:28,0
DA:29,0
DA:30,0
DA:32,0
DA:37,0
DA:38,0
DA:39,0
DA:40,0
DA:50,0
DA:51,0
DA:53,0
LF:24
LH:8
BRDA:27,0,0,0
BRDA:30,1,0,0
BRDA:30,1,1,0
BRDA:30,2,0,0
BRDA:30,2,1,0
BRDA:50,3,0,0
BRDA:50,4,0,0
BRDA:50,4,1,0
BRDA:51,5,0,0
BRDA:51,5,1,0
BRF:10
BRH:0
end_of_record
TN:
SF:src/auth/guards/local-admin-auth.guard.ts
FN:7,(anonymous_1)
FNF:1
FNH:0
FNDA:0,(anonymous_1)
DA:1,1
DA:2,1
DA:3,1
DA:6,1
DA:8,0
DA:9,0
DA:10,0
DA:11,0
LF:8
LH:4
BRF:0
BRH:0
end_of_record
TN:
SF:src/auth/guards/local-user-auth.guard.ts
FN:7,(anonymous_1)
FNF:1
FNH:0
FNDA:0,(anonymous_1)
DA:1,1
DA:2,1
DA:3,1
DA:6,1
DA:8,0
DA:9,0
DA:10,0
DA:11,0
LF:8
LH:4
BRF:0
BRH:0
end_of_record
TN:
SF:src/auth/models/forgot-user.model.ts
FNF:0
FNH:0
DA:1,1
DA:4,1
DA:5,1
LF:3
LH:3
BRF:0
BRH:0
end_of_record
TN:
SF:src/auth/models/login.model.ts
FNF:0
FNH:0
DA:1,1
DA:4,1
DA:5,1
DA:8,1
LF:4
LH:4
BRF:0
BRH:0
end_of_record
TN:
SF:src/auth/strategies/change-password.strategy.ts
FN:12,(anonymous_2)
FN:23,(anonymous_3)
FNF:2
FNH:1
FNDA:1,(anonymous_2)
FNDA:0,(anonymous_3)
DA:1,1
DA:2,1
DA:3,1
DA:4,1
DA:5,1
DA:8,1
DA:13,1
DA:14,1
DA:16,1
DA:24,0
DA:25,0
DA:28,0
DA:29,0
DA:35,0
LF:14
LH:9
BRDA:28,0,0,0
BRF:1
BRH:0
end_of_record
TN:
SF:src/auth/strategies/jwt-refresh.strategy.ts
FN:12,(anonymous_2)
FN:23,(anonymous_3)
FNF:2
FNH:1
FNDA:1,(anonymous_2)
FNDA:0,(anonymous_3)
DA:1,1
DA:2,1
DA:3,1
DA:4,1
DA:5,1
DA:8,1
DA:13,1
DA:14,1
DA:16,1
DA:24,0
DA:25,0
DA:28,0
DA:29,0
DA:35,0
LF:14
LH:9
BRDA:28,0,0,0
BRF:1
BRH:0
end_of_record
TN:
SF:src/auth/strategies/jwt.strategy.ts
FN:9,(anonymous_2)
FN:20,(anonymous_3)
FNF:2
FNH:1
FNDA:1,(anonymous_2)
FNDA:0,(anonymous_3)
DA:1,1
DA:2,1
DA:3,1
DA:4,1
DA:5,1
DA:8,1
DA:10,1
DA:11,1
DA:13,1
DA:21,0
DA:22,0
DA:25,0
DA:26,0
DA:32,0
LF:14
LH:9
BRDA:25,0,0,0
BRF:1
BRH:0
end_of_record
TN:
SF:src/auth/strategies/local-admin.strategy.ts
FN:12,(anonymous_2)
FN:16,(anonymous_3)
FNF:2
FNH:1
FNDA:1,(anonymous_2)
FNDA:0,(anonymous_3)
DA:1,1
DA:2,1
DA:3,1
DA:5,1
DA:8,1
DA:12,1
DA:13,1
DA:17,0
DA:18,0
DA:22,0
DA:23,0
DA:25,0
LF:12
LH:7
BRDA:22,0,0,0
BRF:1
BRH:0
end_of_record
TN:
SF:src/auth/strategies/local-user.strategy.ts
FN:9,(anonymous_2)
FN:13,(anonymous_3)
FNF:2
FNH:1
FNDA:1,(anonymous_2)
FNDA:0,(anonymous_3)
DA:1,1
DA:2,1
DA:3,1
DA:5,1
DA:8,1
DA:9,1
DA:10,1
DA:14,0
DA:15,0
DA:19,0
DA:20,0
DA:22,0
LF:12
LH:7
BRDA:19,0,0,0
BRF:1
BRH:0
end_of_record
TN:
SF:src/auth/templates/email.template.ts
FN:6,(anonymous_0)
FNF:1
FNH:0
FNDA:0,(anonymous_0)
DA:1,1
DA:2,1
DA:4,1
DA:6,1
LF:4
LH:4
BRF:0
BRH:0
end_of_record
TN:
SF:src/common/constants.ts
FNF:0
FNH:0
DA:1,1
LF:1
LH:1
BRF:0
BRH:0
end_of_record
TN:
SF:src/common/config/config.env.ts
FNF:0
FNH:0
DA:1,1
DA:2,1
DA:4,1
DA:5,1
DA:6,1
DA:8,1
DA:10,1
LF:7
LH:7
BRDA:5,0,0,1
BRDA:5,0,1,0
BRF:2
BRH:1
end_of_record
TN:
SF:src/common/decorators/birthday-date.decorator.ts
FN:5,IsBirthdayDate
FN:6,(anonymous_1)
FN:17,(anonymous_2)
FNF:3
FNH:2
FNDA:2,IsBirthdayDate
FNDA:2,(anonymous_1)
FNDA:0,(anonymous_2)
DA:2,1
DA:3,1
DA:5,1
DA:6,2
DA:7,2
DA:18,0
LF:6
LH:5
BRF:0
BRH:0
end_of_record
TN:
SF:src/common/decorators/current-user.decorator.ts
FN:5,(anonymous_0)
FNF:1
FNH:0
FNDA:0,(anonymous_0)
DA:1,1
DA:2,1
DA:4,1
DA:6,0
DA:7,0
LF:5
LH:3
BRF:0
BRH:0
end_of_record
TN:
SF:src/common/decorators/deadline-date.decorator.ts
FN:5,IsDeadlineDate
FN:6,(anonymous_1)
FN:17,(anonymous_2)
FNF:3
FNH:2
FNDA:1,IsDeadlineDate
FNDA:1,(anonymous_1)
FNDA:0,(anonymous_2)
DA:2,1
DA:3,1
DA:5,1
DA:6,1
DA:7,1
DA:18,0
LF:6
LH:5
BRF:0
BRH:0
end_of_record
TN:
SF:src/common/decorators/is-homepage.decorator.ts
FN:4,IsHomepage
FN:5,(anonymous_1)
FN:16,(anonymous_2)
FNF:3
FNH:2
FNDA:1,IsHomepage
FNDA:1,(anonymous_1)
FNDA:0,(anonymous_2)
DA:2,1
DA:4,1
DA:5,1
DA:6,1
DA:18,0
DA:19,0
LF:6
LH:4
BRDA:19,0,0,0
BRDA:19,0,1,0
BRF:2
BRH:0
end_of_record
TN:
SF:src/common/decorators/is-only-date.decorator.ts
FN:4,IsOnlyDate
FN:5,(anonymous_1)
FN:16,(anonymous_2)
FNF:3
FNH:2
FNDA:2,IsOnlyDate
FNDA:2,(anonymous_1)
FNDA:0,(anonymous_2)
DA:2,1
DA:4,1
DA:5,2
DA:6,2
DA:17,0
DA:18,0
LF:6
LH:4
BRDA:18,0,0,0
BRDA:18,0,1,0
BRF:2
BRH:0
end_of_record
TN:
SF:src/common/decorators/is-words-strict.decorator.ts
FN:4,IsWordStrict
FN:5,(anonymous_1)
FN:17,(anonymous_2)
FNF:3
FNH:2
FNDA:1,IsWordStrict
FNDA:1,(anonymous_1)
FNDA:0,(anonymous_2)
DA:2,1
DA:4,1
DA:5,1
DA:6,1
DA:18,0
DA:19,0
LF:6
LH:4
BRDA:19,0,0,0
BRDA:19,0,1,0
BRF:2
BRH:0
end_of_record
TN:
SF:src/common/decorators/match.decorator.ts
FN:8,Match
FN:9,(anonymous_1)
FN:17,(anonymous_2)
FNF:3
FNH:2
FNDA:1,Match
FNDA:1,(anonymous_1)
FNDA:0,(anonymous_2)
DA:2,1
DA:8,1
DA:9,1
DA:10,1
DA:18,0
DA:19,0
DA:20,0
LF:7
LH:4
BRF:0
BRH:0
end_of_record
TN:
SF:src/common/decorators/roles.decorator.ts
FN:5,(anonymous_0)
FNF:1
FNH:1
FNDA:44,(anonymous_0)
DA:1,1
DA:2,1
DA:5,44
LF:3
LH:3
BRF:0
BRH:0
end_of_record
TN:
SF:src/common/directives/custom.directive.ts
FN:9,upperDirectiveTransformer
FN:11,(anonymous_1)
FN:29,(anonymous_2)
FN:42,(anonymous_3)
FNF:4
FNH:2
FNDA:1,upperDirectiveTransformer
FNDA:104,(anonymous_1)
FNDA:0,(anonymous_2)
FNDA:0,(anonymous_3)
DA:1,1
DA:2,1
DA:3,1
DA:4,1
DA:5,1
DA:7,1
DA:9,1
DA:10,1
DA:12,104
DA:18,104
DA:24,104
DA:25,0
DA:29,0
DA:30,0
DA:31,0
DA:32,0
DA:34,0
DA:36,0
DA:37,104
DA:38,2
DA:42,2
DA:43,0
DA:44,0
DA:46,2
LF:24
LH:15
BRDA:12,0,0,104
BRDA:12,0,1,0
BRDA:12,1,0,104
BRDA:12,1,1,104
BRDA:18,2,0,102
BRDA:18,2,1,2
BRDA:18,3,0,104
BRDA:18,3,1,104
BRDA:24,4,0,0
BRDA:24,4,1,104
BRDA:25,5,0,0
BRDA:31,6,0,0
BRDA:37,7,0,2
BRDA:38,8,0,0
BRF:14
BRH:9
end_of_record
TN:
SF:src/common/dto/pagination.input.ts
FN:6,(anonymous_2)
FN:14,(anonymous_3)
FNF:2
FNH:2
FNDA:1,(anonymous_2)
FNDA:1,(anonymous_3)
DA:1,1
DA:2,1
DA:5,1
DA:6,1
DA:14,1
LF:5
LH:5
BRF:0
BRH:0
end_of_record
TN:
SF:src/common/enums/directive.enum.ts
FN:1,(anonymous_0)
FNF:1
FNH:1
FNDA:1,(anonymous_0)
DA:1,1
DA:2,1
DA:3,1
DA:4,1
LF:4
LH:4
BRDA:1,0,0,1
BRDA:1,0,1,1
BRF:2
BRH:2
end_of_record
TN:
SF:src/common/enums/roles.enum.ts
FN:1,(anonymous_0)
FNF:1
FNH:1
FNDA:1,(anonymous_0)
DA:1,1
DA:2,1
DA:3,1
LF:3
LH:3
BRDA:1,0,0,1
BRDA:1,0,1,1
BRF:2
BRH:2
end_of_record
TN:
SF:src/common/functions/capitalize-first-letter.function.ts
FN:1,capitalizeFirstLetter
FNF:1
FNH:0
FNDA:0,capitalizeFirstLetter
DA:1,1
DA:2,0
LF:2
LH:1
BRF:0
BRH:0
end_of_record
TN:
SF:src/common/functions/env.function.ts
FN:4,getEnvPath
FNF:1
FNH:1
FNDA:1,getEnvPath
DA:1,1
DA:4,1
DA:5,1
DA:6,1
DA:7,1
LF:5
LH:5
BRDA:6,0,0,1
BRDA:6,0,1,0
BRF:2
BRH:1
end_of_record
TN:
SF:src/common/plugins/complexity.plugin.ts
FN:16,(anonymous_2)
FN:18,(anonymous_3)
FN:23,(anonymous_4)
FNF:3
FNH:3
FNDA:1,(anonymous_2)
FNDA:1,(anonymous_3)
FNDA:1,(anonymous_4)
DA:1,1
DA:2,1
DA:7,1
DA:8,1
DA:15,1
DA:16,1
DA:19,1
DA:20,1
DA:22,1
DA:24,1
DA:34,1
DA:35,0
LF:12
LH:11
BRDA:34,0,0,0
BRF:1
BRH:0
end_of_record
TN:
SF:src/common/scalars/date.scalar.ts
FN:8,(anonymous_1)
FN:11,(anonymous_2)
FN:15,(anonymous_3)
FN:20,(anonymous_4)
FN:7,(anonymous_5)
FNF:5
FNH:2
FNDA:1,(anonymous_1)
FNDA:0,(anonymous_2)
FNDA:0,(anonymous_3)
FNDA:0,(anonymous_4)
FNDA:1,(anonymous_5)
DA:3,1
DA:4,1
DA:5,1
DA:7,1
DA:8,1
DA:9,1
DA:12,0
DA:16,0
DA:17,0
DA:21,0
DA:22,0
DA:24,0
LF:12
LH:6
BRDA:21,0,0,0
BRF:1
BRH:0
end_of_record
TN:
SF:src/database/data-source.ts
FNF:0
FNH:0
DA:1,1
DA:2,1
DA:3,1
DA:4,1
DA:6,1
DA:8,1
DA:21,1
DA:23,1
LF:8
LH:8
BRF:0
BRH:0
end_of_record
TN:
SF:src/database/migrations/1680761180424-Schema.ts
FN:3,(anonymous_0)
FN:6,(anonymous_1)
FN:30,(anonymous_2)
FNF:3
FNH:1
FNDA:1,(anonymous_0)
FNDA:0,(anonymous_1)
FNDA:0,(anonymous_2)
DA:3,1
DA:4,1
DA:7,0
DA:10,0
DA:13,0
DA:16,0
DA:19,0
DA:22,0
DA:25,0
DA:31,0
DA:34,0
DA:37,0
DA:40,0
DA:41,0
DA:42,0
DA:43,0
LF:16
LH:2
BRF:0
BRH:0
end_of_record
TN:
SF:src/database/migrations/1682408360358-DocumentDescriptionOptional.ts
FN:3,(anonymous_0)
FN:8,(anonymous_1)
FN:13,(anonymous_2)
FNF:3
FNH:1
FNDA:1,(anonymous_0)
FNDA:0,(anonymous_1)
FNDA:0,(anonymous_2)
DA:3,1
DA:6,1
DA:9,0
DA:14,0
LF:4
LH:2
BRF:0
BRH:0
end_of_record
TN:
SF:src/document/document.module.ts
FN:13,(anonymous_1)
FNF:1
FNH:1
FNDA:3,(anonymous_1)
DA:1,1
DA:2,1
DA:3,1
DA:4,1
DA:5,1
DA:6,1
DA:7,1
DA:13,3
DA:18,1
LF:9
LH:9
BRF:0
BRH:0
end_of_record
TN:
SF:src/document/document.resolver.ts
FN:41,(anonymous_4)
FN:52,(anonymous_5)
FN:61,(anonymous_6)
FN:70,(anonymous_7)
FN:80,(anonymous_8)
FN:94,(anonymous_9)
FN:108,(anonymous_10)
FN:123,(anonymous_11)
FN:139,(anonymous_12)
FN:163,(anonymous_13)
FN:187,(anonymous_14)
FN:206,(anonymous_15)
FN:228,(anonymous_16)
FN:258,(anonymous_17)
FN:282,(anonymous_18)
FN:291,(anonymous_19)
FN:47,(anonymous_20)
FN:49,(anonymous_21)
FN:56,(anonymous_22)
FN:58,(anonymous_23)
FN:65,(anonymous_24)
FN:67,(anonymous_25)
FN:76,(anonymous_26)
FN:90,(anonymous_27)
FN:104,(anonymous_28)
FN:118,(anonymous_29)
FN:133,(anonymous_30)
FN:158,(anonymous_31)
FN:182,(anonymous_32)
FN:201,(anonymous_33)
FN:222,(anonymous_34)
FN:252,(anonymous_35)
FN:277,(anonymous_36)
FN:39,(anonymous_37)
FNF:34
FNH:16
FNDA:1,(anonymous_4)
FNDA:0,(anonymous_5)
FNDA:0,(anonymous_6)
FNDA:0,(anonymous_7)
FNDA:0,(anonymous_8)
FNDA:0,(anonymous_9)
FNDA:0,(anonymous_10)
FNDA:0,(anonymous_11)
FNDA:0,(anonymous_12)
FNDA:0,(anonymous_13)
FNDA:0,(anonymous_14)
FNDA:0,(anonymous_15)
FNDA:0,(anonymous_16)
FNDA:0,(anonymous_17)
FNDA:0,(anonymous_18)
FNDA:0,(anonymous_19)
FNDA:2,(anonymous_20)
FNDA:0,(anonymous_21)
FNDA:2,(anonymous_22)
FNDA:0,(anonymous_23)
FNDA:2,(anonymous_24)
FNDA:0,(anonymous_25)
FNDA:2,(anonymous_26)
FNDA:2,(anonymous_27)
FNDA:2,(anonymous_28)
FNDA:2,(anonymous_29)
FNDA:2,(anonymous_30)
FNDA:2,(anonymous_31)
FNDA:2,(anonymous_32)
FNDA:2,(anonymous_33)
FNDA:2,(anonymous_34)
FNDA:2,(anonymous_35)
FNDA:2,(anonymous_36)
FNDA:2,(anonymous_37)
DA:1,1
DA:9,1
DA:17,1
DA:18,1
DA:19,1
DA:20,1
DA:22,1
DA:23,1
DA:24,1
DA:25,1
DA:26,1
DA:27,1
DA:28,1
DA:31,1
DA:32,1
DA:35,1
DA:36,1
DA:37,1
DA:39,2
DA:40,1
DA:42,1
DA:43,1
DA:44,1
DA:47,2
DA:50,0
DA:53,0
DA:56,2
DA:59,0
DA:62,0
DA:65,2
DA:68,0
DA:71,0
DA:76,2
DA:80,1
DA:81,0
DA:82,0
DA:84,0
DA:90,2
DA:94,1
DA:95,0
DA:96,0
DA:98,0
DA:104,2
DA:108,1
DA:109,0
DA:110,0
DA:112,0
DA:118,2
DA:123,1
DA:124,0
DA:125,0
DA:127,0
DA:133,2
DA:139,1
DA:144,0
DA:145,0
DA:150,0
DA:152,0
DA:158,2
DA:163,1
DA:168,0
DA:169,0
DA:174,0
DA:176,0
DA:182,2
DA:187,1
DA:191,0
DA:195,0
DA:196,0
DA:201,2
DA:206,1
DA:210,0
DA:214,0
DA:215,0
DA:222,2
DA:228,1
DA:236,0
DA:237,0
DA:242,0
DA:244,0
DA:252,2
DA:258,1
DA:263,0
DA:264,0
DA:269,0
DA:271,0
DA:277,2
DA:282,1
DA:286,0
DA:287,0
DA:290,0
DA:291,0
DA:293,0
DA:294,0
DA:297,0
DA:298,0
DA:300,0
LF:97
LH:48
BRDA:238,0,0,0
BRDA:238,0,1,0
BRDA:238,1,0,0
BRDA:238,1,1,0
BRDA:293,2,0,0
BRF:5
BRH:0
end_of_record
TN:
SF:src/document/document.service.ts
FN:16,(anonymous_5)
FN:21,(anonymous_6)
FN:55,(anonymous_7)
FN:98,(anonymous_8)
FN:141,(anonymous_9)
FN:155,(anonymous_10)
FN:163,(anonymous_11)
FN:180,(anonymous_12)
FN:190,(anonymous_13)
FN:197,(anonymous_14)
FN:198,(anonymous_15)
FN:204,(anonymous_16)
FNF:12
FNH:1
FNDA:1,(anonymous_5)
FNDA:0,(anonymous_6)
FNDA:0,(anonymous_7)
FNDA:0,(anonymous_8)
FNDA:0,(anonymous_9)
FNDA:0,(anonymous_10)
FNDA:0,(anonymous_11)
FNDA:0,(anonymous_12)
FNDA:0,(anonymous_13)
FNDA:0,(anonymous_14)
FNDA:0,(anonymous_15)
FNDA:0,(anonymous_16)
DA:2,1
DA:3,1
DA:4,1
DA:6,1
DA:7,1
DA:11,1
DA:12,1
DA:15,1
DA:18,1
DA:26,0
DA:27,0
DA:33,0
DA:49,0
DA:51,0
DA:59,0
DA:61,0
DA:62,0
DA:71,0
DA:72,0
DA:73,0
DA:74,0
DA:75,0
DA:76,0
DA:81,0
DA:82,0
DA:87,0
DA:88,0
DA:92,0
DA:94,0
DA:103,0
DA:104,0
DA:105,0
DA:106,0
DA:107,0
DA:113,0
DA:135,0
DA:137,0
DA:142,0
DA:143,0
DA:149,0
DA:151,0
DA:156,0
DA:157,0
DA:159,0
DA:164,0
DA:165,0
DA:168,0
DA:169,0
DA:173,0
DA:174,0
DA:176,0
DA:184,0
DA:185,0
DA:186,0
DA:190,0
DA:191,0
DA:197,0
DA:199,0
DA:207,0
DA:208,0
DA:209,0
DA:210,0
DA:211,0
DA:212,0
DA:213,0
DA:217,0
DA:223,0
DA:224,0
DA:228,0
DA:230,0
LF:70
LH:9
BRDA:36,0,0,0
BRDA:36,0,1,0
BRDA:40,1,0,0
BRDA:40,1,1,0
BRDA:44,2,0,0
BRDA:44,2,1,0
BRDA:71,3,0,0
BRDA:73,4,0,0
BRDA:73,4,1,0
BRDA:73,5,0,0
BRDA:73,5,1,0
BRDA:73,6,0,0
BRDA:73,6,1,0
BRDA:73,7,0,0
BRDA:73,7,1,0
BRDA:74,8,0,0
BRDA:104,9,0,0
BRDA:104,9,1,0
BRDA:104,10,0,0
BRDA:104,10,1,0
BRDA:105,11,0,0
BRDA:105,11,1,0
BRDA:105,12,0,0
BRDA:105,12,1,0
BRDA:105,13,0,0
BRDA:105,13,1,0
BRDA:105,14,0,0
BRDA:105,14,1,0
BRDA:106,15,0,0
BRDA:106,15,1,0
BRDA:106,16,0,0
BRDA:106,16,1,0
BRDA:106,17,0,0
BRDA:106,17,1,0
BRDA:106,18,0,0
BRDA:106,18,1,0
BRDA:116,19,0,0
BRDA:116,19,1,0
BRDA:116,20,0,0
BRDA:116,20,1,0
BRDA:116,21,0,0
BRDA:116,21,1,0
BRDA:120,22,0,0
BRDA:120,22,1,0
BRDA:120,23,0,0
BRDA:120,23,1,0
BRDA:120,24,0,0
BRDA:120,24,1,0
BRDA:124,25,0,0
BRDA:124,25,1,0
BRDA:124,26,0,0
BRDA:124,26,1,0
BRDA:124,27,0,0
BRDA:124,27,1,0
BRDA:168,28,0,0
BRDA:186,29,0,0
BRDA:186,29,1,0
BRDA:186,30,0,0
BRDA:186,30,1,0
BRDA:210,31,0,0
BRF:60
BRH:0
end_of_record
TN:
SF:src/document/dto/get-documents.input.ts
FN:24,(anonymous_2)
FN:31,(anonymous_3)
FNF:2
FNH:2
FNDA:1,(anonymous_2)
FNDA:1,(anonymous_3)
DA:1,1
DA:2,1
DA:3,1
DA:5,1
DA:23,1
DA:24,1
DA:31,1
DA:39,1
LF:8
LH:8
BRF:0
BRH:0
end_of_record
TN:
SF:src/document/dto/update-document.dto.ts
FNF:0
FNH:0
DA:1,1
DA:2,1
DA:3,1
DA:6,1
DA:9,1
LF:5
LH:5
BRF:0
BRH:0
end_of_record
TN:
SF:src/document/dto/upload-document.dto.ts
FN:30,(anonymous_2)
FNF:1
FNH:1
FNDA:4,(anonymous_2)
DA:1,1
DA:2,1
DA:3,1
DA:6,1
DA:7,1
DA:15,1
DA:22,1
DA:30,4
LF:8
LH:8
BRF:0
BRH:0
end_of_record
TN:
SF:src/document/entities/document.entity.ts
FN:16,(anonymous_2)
FN:16,(anonymous_3)
FN:22,(anonymous_4)
FNF:3
FNH:3
FNDA:1,(anonymous_2)
FNDA:1,(anonymous_3)
FNDA:3,(anonymous_4)
DA:1,1
DA:2,1
DA:3,1
DA:15,1
DA:16,1
DA:22,3
DA:27,1
DA:34,1
DA:40,1
DA:48,1
DA:56,1
DA:62,1
LF:12
LH:12
BRF:0
BRH:0
end_of_record
TN:
SF:src/graphql/graphql.module.ts
FN:33,(anonymous_1)
FN:44,(anonymous_2)
FN:59,(anonymous_3)
FN:73,(anonymous_4)
FN:89,(anonymous_5)
FN:95,(anonymous_6)
FN:110,(anonymous_7)
FN:121,(anonymous_8)
FN:125,(anonymous_9)
FNF:9
FNH:5
FNDA:1,(anonymous_1)
FNDA:1,(anonymous_2)
FNDA:0,(anonymous_3)
FNDA:0,(anonymous_4)
FNDA:1,(anonymous_5)
FNDA:1,(anonymous_6)
FNDA:1,(anonymous_7)
FNDA:0,(anonymous_8)
FNDA:0,(anonymous_9)
DA:2,1
DA:3,1
DA:8,1
DA:9,1
DA:10,1
DA:11,1
DA:12,1
DA:14,1
DA:15,1
DA:16,1
DA:17,1
DA:18,1
DA:23,1
DA:34,1
DA:48,1
DA:60,0
DA:62,0
DA:63,0
DA:64,0
DA:65,0
DA:66,0
DA:68,0
DA:69,0
DA:70,0
DA:74,0
DA:89,1
DA:95,1
DA:114,1
DA:115,0
DA:120,0
DA:122,0
DA:123,0
DA:126,0
DA:133,0
DA:140,0
DA:144,0
DA:147,1
DA:167,1
LF:38
LH:20
BRDA:62,0,0,0
BRDA:62,0,1,0
BRDA:62,1,0,0
BRDA:62,1,1,0
BRDA:62,2,0,0
BRDA:62,2,1,0
BRDA:62,3,0,0
BRDA:62,3,1,0
BRDA:64,4,0,0
BRDA:64,5,0,0
BRDA:64,5,1,0
BRDA:64,6,0,0
BRDA:64,6,1,0
BRDA:68,7,0,0
BRDA:82,8,0,1
BRDA:82,8,1,0
BRDA:114,9,0,0
BRF:17
BRH:1
end_of_record
TN:
SF:src/priority/priority.module.ts
FN:11,(anonymous_1)
FNF:1
FNH:1
FNDA:3,(anonymous_1)
DA:1,1
DA:2,1
DA:3,1
DA:4,1
DA:5,1
DA:6,1
DA:11,3
DA:16,1
LF:8
LH:8
BRF:0
BRH:0
end_of_record
TN:
SF:src/priority/priority.resolver.ts
FN:35,(anonymous_4)
FN:45,(anonymous_5)
FN:54,(anonymous_6)
FN:63,(anonymous_7)
FN:73,(anonymous_8)
FN:87,(anonymous_9)
FN:101,(anonymous_10)
FN:116,(anonymous_11)
FN:131,(anonymous_12)
FN:149,(anonymous_13)
FN:161,(anonymous_14)
FN:185,(anonymous_15)
FN:199,(anonymous_16)
FN:40,(anonymous_17)
FN:42,(anonymous_18)
FN:49,(anonymous_19)
FN:51,(anonymous_20)
FN:58,(anonymous_21)
FN:60,(anonymous_22)
FN:69,(anonymous_23)
FN:83,(anonymous_24)
FN:97,(anonymous_25)
FN:111,(anonymous_26)
FN:126,(anonymous_27)
FN:145,(anonymous_28)
FN:157,(anonymous_29)
FN:180,(anonymous_30)
FN:195,(anonymous_31)
FN:33,(anonymous_32)
FNF:29
FNH:14
FNDA:1,(anonymous_4)
FNDA:0,(anonymous_5)
FNDA:0,(anonymous_6)
FNDA:0,(anonymous_7)
FNDA:0,(anonymous_8)
FNDA:0,(anonymous_9)
FNDA:0,(anonymous_10)
FNDA:0,(anonymous_11)
FNDA:0,(anonymous_12)
FNDA:0,(anonymous_13)
FNDA:0,(anonymous_14)
FNDA:0,(anonymous_15)
FNDA:0,(anonymous_16)
FNDA:2,(anonymous_17)
FNDA:0,(anonymous_18)
FNDA:2,(anonymous_19)
FNDA:0,(anonymous_20)
FNDA:2,(anonymous_21)
FNDA:0,(anonymous_22)
FNDA:2,(anonymous_23)
FNDA:2,(anonymous_24)
FNDA:2,(anonymous_25)
FNDA:2,(anonymous_26)
FNDA:2,(anonymous_27)
FNDA:2,(anonymous_28)
FNDA:2,(anonymous_29)
FNDA:2,(anonymous_30)
FNDA:2,(anonymous_31)
FNDA:2,(anonymous_32)
DA:1,1
DA:9,1
DA:10,1
DA:11,1
DA:12,1
DA:19,1
DA:20,1
DA:21,1
DA:24,1
DA:25,1
DA:26,1
DA:27,1
DA:29,1
DA:30,1
DA:31,1
DA:33,2
DA:34,1
DA:36,1
DA:37,1
DA:40,2
DA:43,0
DA:46,0
DA:49,2
DA:52,0
DA:55,0
DA:58,2
DA:61,0
DA:64,0
DA:69,2
DA:73,1
DA:74,0
DA:75,0
DA:77,0
DA:83,2
DA:87,1
DA:88,0
DA:89,0
DA:91,0
DA:97,2
DA:101,1
DA:102,0
DA:103,0
DA:105,0
DA:111,2
DA:116,1
DA:117,0
DA:118,0
DA:120,0
DA:126,2
DA:131,1
DA:135,0
DA:136,0
DA:137,0
DA:139,0
DA:145,2
DA:149,1
DA:150,0
DA:151,0
DA:152,0
DA:157,2
DA:161,1
DA:167,0
DA:172,0
DA:173,0
DA:180,2
DA:185,1
DA:189,0
DA:190,0
DA:195,2
DA:199,1
DA:204,0
DA:205,0
DA:206,0
LF:73
LH:40
BRF:0
BRH:0
end_of_record
TN:
SF:src/priority/priority.service.ts
FN:10,(anonymous_4)
FN:15,(anonymous_5)
FN:33,(anonymous_6)
FN:40,(anonymous_7)
FN:60,(anonymous_8)
FN:81,(anonymous_9)
FN:105,(anonymous_10)
FNF:7
FNH:1
FNDA:1,(anonymous_4)
FNDA:0,(anonymous_5)
FNDA:0,(anonymous_6)
FNDA:0,(anonymous_7)
FNDA:0,(anonymous_8)
FNDA:0,(anonymous_9)
FNDA:0,(anonymous_10)
DA:1,1
DA:2,1
DA:3,1
DA:4,1
DA:6,1
DA:9,1
DA:12,1
DA:16,0
DA:17,0
DA:27,0
DA:29,0
DA:34,0
DA:37,0
DA:41,0
DA:42,0
DA:43,0
DA:44,0
DA:57,0
DA:61,0
DA:62,0
DA:63,0
DA:68,0
DA:69,0
DA:71,0
DA:75,0
DA:77,0
DA:82,0
DA:83,0
DA:86,0
DA:87,0
DA:91,0
DA:92,0
DA:93,0
DA:95,0
DA:99,0
DA:101,0
DA:106,0
DA:110,0
DA:111,0
DA:112,0
DA:115,0
DA:116,0
LF:42
LH:7
BRDA:20,0,0,0
BRDA:20,0,1,0
BRDA:23,1,0,0
BRDA:23,1,1,0
BRDA:41,2,0,0
BRDA:41,2,1,0
BRDA:41,3,0,0
BRDA:41,3,1,0
BRDA:42,4,0,0
BRDA:42,4,1,0
BRDA:42,5,0,0
BRDA:42,5,1,0
BRDA:42,6,0,0
BRDA:42,6,1,0
BRDA:42,7,0,0
BRDA:42,7,1,0
BRDA:43,8,0,0
BRDA:43,8,1,0
BRDA:43,9,0,0
BRDA:43,9,1,0
BRDA:43,10,0,0
BRDA:43,10,1,0
BRDA:43,11,0,0
BRDA:43,11,1,0
BRDA:47,12,0,0
BRDA:47,12,1,0
BRDA:47,13,0,0
BRDA:47,13,1,0
BRDA:47,14,0,0
BRDA:47,14,1,0
BRDA:50,15,0,0
BRDA:50,15,1,0
BRDA:50,16,0,0
BRDA:50,16,1,0
BRDA:50,17,0,0
BRDA:50,17,1,0
BRDA:71,18,0,0
BRDA:72,19,0,0
BRDA:72,19,1,0
BRDA:73,20,0,0
BRDA:73,20,1,0
BRDA:73,21,0,0
BRDA:73,21,1,0
BRDA:73,22,0,0
BRDA:73,22,1,0
BRDA:73,23,0,0
BRDA:73,23,1,0
BRDA:86,24,0,0
BRDA:95,25,0,0
BRDA:96,26,0,0
BRDA:96,26,1,0
BRDA:97,27,0,0
BRDA:97,27,1,0
BRDA:97,28,0,0
BRDA:97,28,1,0
BRDA:97,29,0,0
BRDA:97,29,1,0
BRDA:97,30,0,0
BRDA:97,30,1,0
BRDA:110,31,0,0
BRDA:111,32,0,0
BRDA:111,33,0,0
BRDA:111,33,1,0
BRDA:111,34,0,0
BRDA:111,34,1,0
BRDA:111,35,0,0
BRDA:111,35,1,0
BRDA:111,36,0,0
BRDA:111,36,1,0
BRF:69
BRH:0
end_of_record
TN:
SF:src/priority/dto/create-priority.input.ts
FNF:0
FNH:0
DA:2,1
DA:3,1
DA:4,1
DA:7,1
DA:8,1
DA:13,1
LF:6
LH:6
BRF:0
BRH:0
end_of_record
TN:
SF:src/priority/dto/get-priority.input.ts
FN:9,(anonymous_2)
FN:16,(anonymous_3)
FNF:2
FNH:2
FNDA:1,(anonymous_2)
FNDA:1,(anonymous_3)
DA:1,1
DA:2,1
DA:3,1
DA:5,1
DA:8,1
DA:9,1
DA:16,1
DA:24,1
LF:8
LH:8
BRF:0
BRH:0
end_of_record
TN:
SF:src/priority/dto/update-priority.input.ts
FNF:0
FNH:0
DA:1,1
DA:2,1
DA:3,1
DA:6,1
DA:7,1
LF:5
LH:5
BRF:0
BRH:0
end_of_record
TN:
SF:src/priority/entities/priority.entity.ts
FN:26,(anonymous_2)
FN:47,(anonymous_3)
FN:47,(anonymous_4)
FNF:3
FNH:2
FNDA:0,(anonymous_2)
FNDA:1,(anonymous_3)
FNDA:1,(anonymous_4)
DA:1,1
DA:2,1
DA:3,1
DA:4,1
DA:5,1
DA:16,1
DA:17,1
DA:24,1
DA:26,0
DA:29,1
DA:35,1
DA:41,1
DA:47,1
LF:13
LH:12
BRF:0
BRH:0
end_of_record
TN:
SF:src/project/project.module.ts
FN:13,(anonymous_1)
FN:14,(anonymous_2)
FN:15,(anonymous_3)
FNF:3
FNH:3
FNDA:3,(anonymous_1)
FNDA:3,(anonymous_2)
FNDA:3,(anonymous_3)
DA:1,1
DA:2,1
DA:3,1
DA:4,1
DA:5,1
DA:6,1
DA:7,1
DA:8,1
DA:13,3
DA:14,3
DA:15,3
DA:20,1
LF:12
LH:12
BRF:0
BRH:0
end_of_record
TN:
SF:src/project/project.resolver.ts
FN:49,(anonymous_4)
FN:61,(anonymous_5)
FN:70,(anonymous_6)
FN:79,(anonymous_7)
FN:89,(anonymous_8)
FN:103,(anonymous_9)
FN:117,(anonymous_10)
FN:132,(anonymous_11)
FN:147,(anonymous_12)
FN:169,(anonymous_13)
FN:197,(anonymous_14)
FN:221,(anonymous_15)
FN:249,(anonymous_16)
FN:273,(anonymous_17)
FN:302,(anonymous_18)
FN:336,(anonymous_19)
FN:362,(anonymous_20)
FN:381,(anonymous_21)
FN:56,(anonymous_22)
FN:58,(anonymous_23)
FN:65,(anonymous_24)
FN:67,(anonymous_25)
FN:74,(anonymous_26)
FN:76,(anonymous_27)
FN:85,(anonymous_28)
FN:99,(anonymous_29)
FN:113,(anonymous_30)
FN:127,(anonymous_31)
FN:142,(anonymous_32)
FN:164,(anonymous_33)
FN:189,(anonymous_34)
FN:192,(anonymous_35)
FN:199,(anonymous_36)
FN:214,(anonymous_37)
FN:216,(anonymous_38)
FN:226,(anonymous_39)
FN:245,(anonymous_40)
FN:270,(anonymous_41)
FN:297,(anonymous_42)
FN:330,(anonymous_43)
FN:332,(anonymous_44)
FN:356,(anonymous_45)
FN:375,(anonymous_46)
FN:47,(anonymous_47)
FNF:44
FNH:20
FNDA:1,(anonymous_4)
FNDA:0,(anonymous_5)
FNDA:0,(anonymous_6)
FNDA:0,(anonymous_7)
FNDA:0,(anonymous_8)
FNDA:0,(anonymous_9)
FNDA:0,(anonymous_10)
FNDA:0,(anonymous_11)
FNDA:0,(anonymous_12)
FNDA:0,(anonymous_13)
FNDA:0,(anonymous_14)
FNDA:0,(anonymous_15)
FNDA:0,(anonymous_16)
FNDA:0,(anonymous_17)
FNDA:0,(anonymous_18)
FNDA:0,(anonymous_19)
FNDA:0,(anonymous_20)
FNDA:0,(anonymous_21)
FNDA:2,(anonymous_22)
FNDA:0,(anonymous_23)
FNDA:2,(anonymous_24)
FNDA:0,(anonymous_25)
FNDA:2,(anonymous_26)
FNDA:0,(anonymous_27)
FNDA:2,(anonymous_28)
FNDA:2,(anonymous_29)
FNDA:2,(anonymous_30)
FNDA:2,(anonymous_31)
FNDA:2,(anonymous_32)
FNDA:2,(anonymous_33)
FNDA:2,(anonymous_34)
FNDA:0,(anonymous_35)
FNDA:1,(anonymous_36)
FNDA:2,(anonymous_37)
FNDA:0,(anonymous_38)
FNDA:1,(anonymous_39)
FNDA:2,(anonymous_40)
FNDA:2,(anonymous_41)
FNDA:2,(anonymous_42)
FNDA:2,(anonymous_43)
FNDA:0,(anonymous_44)
FNDA:2,(anonymous_45)
FNDA:0,(anonymous_46)
FNDA:3,(anonymous_47)
DA:1,1
DA:11,1
DA:12,1
DA:13,1
DA:14,1
DA:15,1
DA:16,1
DA:23,1
DA:24,1
DA:25,1
DA:26,1
DA:27,1
DA:28,1
DA:29,1
DA:30,1
DA:31,1
DA:32,1
DA:33,1
DA:37,1
DA:38,1
DA:40,1
DA:41,1
DA:43,1
DA:44,1
DA:45,1
DA:47,3
DA:48,1
DA:50,1
DA:51,1
DA:52,1
DA:53,1
DA:56,2
DA:59,0
DA:62,0
DA:65,2
DA:68,0
DA:71,0
DA:74,2
DA:77,0
DA:80,0
DA:85,2
DA:89,1
DA:90,0
DA:91,0
DA:93,0
DA:99,2
DA:103,1
DA:104,0
DA:105,0
DA:107,0
DA:113,2
DA:117,1
DA:118,0
DA:119,0
DA:121,0
DA:127,2
DA:132,1
DA:133,0
DA:134,0
DA:136,0
DA:142,2
DA:147,1
DA:151,0
DA:152,0
DA:156,0
DA:158,0
DA:164,2
DA:169,1
DA:174,0
DA:175,0
DA:179,0
DA:181,0
DA:189,2
DA:193,0
DA:197,1
DA:199,1
DA:202,0
DA:203,0
DA:204,0
DA:206,0
DA:214,2
DA:217,0
DA:221,1
DA:226,1
DA:234,0
DA:235,0
DA:236,0
DA:237,0
DA:239,0
DA:245,2
DA:249,1
DA:250,0
DA:251,0
DA:252,0
DA:253,0
DA:254,0
DA:255,0
DA:259,0
DA:262,0
DA:264,0
DA:270,2
DA:273,1
DA:277,0
DA:278,0
DA:281,0
DA:282,0
DA:283,0
DA:288,0
DA:289,0
DA:291,0
DA:297,2
DA:302,1
DA:306,0
DA:307,0
DA:311,0
DA:312,0
DA:314,0
DA:319,0
DA:320,0
DA:322,0
DA:330,2
DA:333,0
DA:336,1
DA:341,0
DA:342,0
DA:346,0
DA:348,0
DA:356,2
DA:362,1
DA:367,0
DA:368,0
DA:369,0
DA:371,0
DA:375,0
DA:381,1
DA:386,0
DA:391,0
LF:137
LH:63
BRDA:252,0,0,0
BRDA:279,1,0,0
BRDA:279,1,1,0
BRDA:279,2,0,0
BRDA:279,2,1,0
BRDA:281,3,0,0
BRDA:281,4,0,0
BRDA:281,4,1,0
BRDA:281,5,0,0
BRDA:281,5,1,0
BRDA:281,6,0,0
BRDA:281,6,1,0
BRDA:308,7,0,0
BRDA:308,7,1,0
BRDA:308,8,0,0
BRDA:308,8,1,0
BRDA:311,9,0,0
BRDA:311,10,0,0
BRDA:311,10,1,0
BRDA:311,11,0,0
BRDA:311,11,1,0
BRDA:311,12,0,0
BRDA:311,12,1,0
BRDA:317,13,0,0
BRDA:317,13,1,0
BRDA:317,14,0,0
BRDA:317,14,1,0
BRDA:343,15,0,0
BRDA:343,15,1,0
BRDA:343,16,0,0
BRDA:343,16,1,0
BRF:31
BRH:0
end_of_record
TN:
SF:src/project/project.service.ts
FN:18,(anonymous_5)
FN:22,(anonymous_6)
FN:23,(anonymous_7)
FN:25,(anonymous_8)
FN:43,(anonymous_9)
FN:52,(anonymous_10)
FN:70,(anonymous_11)
FN:86,(anonymous_12)
FN:102,(anonymous_13)
FN:123,(anonymous_14)
FN:156,(anonymous_15)
FN:172,(anonymous_16)
FN:180,(anonymous_17)
FN:223,(anonymous_18)
FNF:14
FNH:1
FNDA:1,(anonymous_5)
FNDA:0,(anonymous_6)
FNDA:0,(anonymous_7)
FNDA:0,(anonymous_8)
FNDA:0,(anonymous_9)
FNDA:0,(anonymous_10)
FNDA:0,(anonymous_11)
FNDA:0,(anonymous_12)
FNDA:0,(anonymous_13)
FNDA:0,(anonymous_14)
FNDA:0,(anonymous_15)
FNDA:0,(anonymous_16)
FNDA:0,(anonymous_17)
FNDA:0,(anonymous_18)
DA:3,1
DA:4,1
DA:5,1
DA:6,1
DA:7,1
DA:11,1
DA:12,1
DA:14,1
DA:17,1
DA:19,1
DA:23,0
DA:24,0
DA:26,0
DA:28,0
DA:29,0
DA:34,0
DA:40,0
DA:44,0
DA:45,0
DA:46,0
DA:47,0
DA:49,0
DA:53,0
DA:58,0
DA:59,0
DA:60,0
DA:61,0
DA:62,0
DA:63,0
DA:64,0
DA:65,0
DA:67,0
DA:71,0
DA:80,0
DA:81,0
DA:82,0
DA:83,0
DA:87,0
DA:88,0
DA:96,0
DA:98,0
DA:103,0
DA:104,0
DA:105,0
DA:117,0
DA:119,0
DA:128,0
DA:129,0
DA:130,0
DA:141,0
DA:142,0
DA:143,0
DA:148,0
DA:149,0
DA:150,0
DA:152,0
DA:157,0
DA:158,0
DA:166,0
DA:168,0
DA:173,0
DA:174,0
DA:176,0
DA:184,0
DA:185,0
DA:186,0
DA:187,0
DA:188,0
DA:189,0
DA:217,0
DA:219,0
DA:228,0
DA:229,0
DA:230,0
DA:236,0
DA:237,0
DA:240,0
DA:248,0
DA:250,0
LF:79
LH:10
BRDA:28,0,0,0
BRDA:28,0,1,0
BRDA:46,1,0,0
BRDA:46,1,1,0
BRDA:58,2,0,0
BRDA:62,3,0,0
BRDA:62,3,1,0
BRDA:108,4,0,0
BRDA:108,4,1,0
BRDA:112,5,0,0
BRDA:112,5,1,0
BRDA:133,6,0,0
BRDA:133,6,1,0
BRDA:133,7,0,0
BRDA:133,7,1,0
BRDA:141,8,0,0
BRDA:185,9,0,0
BRDA:185,9,1,0
BRDA:185,10,0,0
BRDA:185,10,1,0
BRDA:186,11,0,0
BRDA:186,11,1,0
BRDA:186,12,0,0
BRDA:186,12,1,0
BRDA:186,13,0,0
BRDA:186,13,1,0
BRDA:186,14,0,0
BRDA:186,14,1,0
BRDA:187,15,0,0
BRDA:187,15,1,0
BRDA:187,16,0,0
BRDA:187,16,1,0
BRDA:187,17,0,0
BRDA:187,17,1,0
BRDA:187,18,0,0
BRDA:187,18,1,0
BRDA:192,19,0,0
BRDA:192,19,1,0
BRDA:192,20,0,0
BRDA:192,20,1,0
BRDA:192,21,0,0
BRDA:192,21,1,0
BRDA:196,22,0,0
BRDA:196,22,1,0
BRDA:196,23,0,0
BRDA:196,23,1,0
BRDA:196,24,0,0
BRDA:196,24,1,0
BRDA:201,25,0,0
BRDA:201,25,1,0
BRDA:201,26,0,0
BRDA:201,26,1,0
BRDA:201,27,0,0
BRDA:201,27,1,0
BRDA:202,28,0,0
BRDA:202,28,1,0
BRDA:202,29,0,0
BRDA:202,29,1,0
BRDA:202,30,0,0
BRDA:202,30,1,0
BRF:60
BRH:0
end_of_record
TN:
SF:src/project/dto/create-project.input.ts
FN:13,(anonymous_2)
FNF:1
FNH:0
FNDA:0,(anonymous_2)
DA:1,1
DA:2,1
DA:3,1
DA:4,1
DA:5,1
DA:6,1
DA:9,1
DA:10,1
DA:13,0
DA:16,1
DA:21,1
DA:30,1
LF:12
LH:11
BRF:0
BRH:0
end_of_record
TN:
SF:src/project/dto/get-project.input.ts
FN:23,(anonymous_2)
FN:30,(anonymous_3)
FNF:2
FNH:2
FNDA:1,(anonymous_2)
FNDA:1,(anonymous_3)
DA:1,1
DA:2,1
DA:3,1
DA:5,1
DA:22,1
DA:23,1
DA:30,1
DA:38,1
LF:8
LH:8
BRF:0
BRH:0
end_of_record
TN:
SF:src/project/dto/update-project.input.ts
FNF:0
FNH:0
DA:1,1
DA:2,1
DA:3,1
DA:6,1
DA:7,1
LF:5
LH:5
BRF:0
BRH:0
end_of_record
TN:
SF:src/project/entities/project.entity.ts
FN:19,(anonymous_2)
FN:19,(anonymous_3)
FN:25,(anonymous_4)
FN:45,(anonymous_5)
FN:45,(anonymous_6)
FN:48,(anonymous_7)
FN:75,(anonymous_8)
FN:75,(anonymous_9)
FN:76,(anonymous_10)
FNF:9
FNH:9
FNDA:1,(anonymous_2)
FNDA:1,(anonymous_3)
FNDA:3,(anonymous_4)
FNDA:1,(anonymous_5)
FNDA:1,(anonymous_6)
FNDA:3,(anonymous_7)
FNDA:1,(anonymous_8)
FNDA:1,(anonymous_9)
FNDA:3,(anonymous_10)
DA:1,1
DA:2,1
DA:3,1
DA:4,1
DA:5,1
DA:18,1
DA:19,1
DA:25,3
DA:30,1
DA:37,1
DA:41,1
DA:45,1
DA:48,3
DA:57,1
DA:63,1
DA:69,1
DA:75,1
DA:76,3
LF:18
LH:18
BRF:0
BRH:0
end_of_record
TN:
SF:src/project/models/count-project-by-date.mode.ts
FN:8,(anonymous_2)
FNF:1
FNH:1
FNDA:3,(anonymous_2)
DA:1,1
DA:4,1
DA:5,1
DA:8,3
LF:4
LH:4
BRF:0
BRH:0
end_of_record
TN:
SF:src/project/models/year-project.model.ts
FN:5,(anonymous_2)
FN:8,(anonymous_3)
FNF:2
FNH:2
FNDA:3,(anonymous_2)
FNDA:3,(anonymous_3)
DA:1,1
DA:4,1
DA:5,3
DA:8,3
LF:4
LH:4
BRF:0
BRH:0
end_of_record
TN:
SF:src/pubsub/pubsub.module.ts
FN:14,(anonymous_1)
FNF:1
FNH:0
FNDA:0,(anonymous_1)
DA:1,1
DA:2,1
DA:3,1
DA:6,1
DA:14,0
DA:28,1
LF:6
LH:5
BRF:0
BRH:0
end_of_record
TN:
SF:src/users/users.module.ts
FN:13,(anonymous_1)
FN:14,(anonymous_2)
FNF:2
FNH:2
FNDA:3,(anonymous_1)
FNDA:3,(anonymous_2)
DA:1,1
DA:2,1
DA:3,1
DA:4,1
DA:5,1
DA:6,1
DA:7,1
DA:8,1
DA:13,3
DA:14,3
DA:19,1
LF:11
LH:11
BRF:0
BRH:0
end_of_record
TN:
SF:src/users/users.resolver.ts
FN:46,(anonymous_4)
FN:57,(anonymous_5)
FN:66,(anonymous_6)
FN:74,(anonymous_7)
FN:84,(anonymous_8)
FN:92,(anonymous_9)
FN:103,(anonymous_10)
FN:113,(anonymous_11)
FN:123,(anonymous_12)
FN:135,(anonymous_13)
FN:151,(anonymous_14)
FN:168,(anonymous_15)
FN:184,(anonymous_16)
FN:198,(anonymous_17)
FN:212,(anonymous_18)
FN:230,(anonymous_19)
FN:52,(anonymous_20)
FN:54,(anonymous_21)
FN:61,(anonymous_22)
FN:63,(anonymous_23)
FN:70,(anonymous_24)
FN:72,(anonymous_25)
FN:80,(anonymous_26)
FN:88,(anonymous_27)
FN:98,(anonymous_28)
FN:109,(anonymous_29)
FN:119,(anonymous_30)
FN:131,(anonymous_31)
FN:147,(anonymous_32)
FN:162,(anonymous_33)
FN:164,(anonymous_34)
FN:178,(anonymous_35)
FN:180,(anonymous_36)
FN:194,(anonymous_37)
FN:206,(anonymous_38)
FN:224,(anonymous_39)
FN:44,(anonymous_40)
FNF:37
FNH:16
FNDA:1,(anonymous_4)
FNDA:0,(anonymous_5)
FNDA:0,(anonymous_6)
FNDA:0,(anonymous_7)
FNDA:0,(anonymous_8)
FNDA:0,(anonymous_9)
FNDA:0,(anonymous_10)
FNDA:0,(anonymous_11)
FNDA:0,(anonymous_12)
FNDA:0,(anonymous_13)
FNDA:0,(anonymous_14)
FNDA:0,(anonymous_15)
FNDA:0,(anonymous_16)
FNDA:0,(anonymous_17)
FNDA:0,(anonymous_18)
FNDA:0,(anonymous_19)
FNDA:2,(anonymous_20)
FNDA:0,(anonymous_21)
FNDA:2,(anonymous_22)
FNDA:0,(anonymous_23)
FNDA:2,(anonymous_24)
FNDA:0,(anonymous_25)
FNDA:2,(anonymous_26)
FNDA:2,(anonymous_27)
FNDA:2,(anonymous_28)
FNDA:2,(anonymous_29)
FNDA:2,(anonymous_30)
FNDA:2,(anonymous_31)
FNDA:2,(anonymous_32)
FNDA:2,(anonymous_33)
FNDA:0,(anonymous_34)
FNDA:2,(anonymous_35)
FNDA:0,(anonymous_36)
FNDA:2,(anonymous_37)
FNDA:2,(anonymous_38)
FNDA:0,(anonymous_39)
FNDA:4,(anonymous_40)
DA:3,1
DA:14,1
DA:15,1
DA:16,1
DA:17,1
DA:18,1
DA:19,1
DA:26,1
DA:27,1
DA:28,1
DA:29,1
DA:31,1
DA:32,1
DA:33,1
DA:34,1
DA:35,1
DA:40,1
DA:41,1
DA:42,1
DA:44,4
DA:45,1
DA:47,1
DA:48,1
DA:49,1
DA:52,2
DA:55,0
DA:58,0
DA:61,2
DA:64,0
DA:67,0
DA:70,2
DA:72,0
DA:75,0
DA:80,2
DA:84,1
DA:85,0
DA:88,2
DA:92,1
DA:93,0
DA:98,2
DA:103,1
DA:104,0
DA:109,2
DA:113,1
DA:114,0
DA:119,2
DA:123,1
DA:124,0
DA:125,0
DA:126,0
DA:131,2
DA:135,1
DA:139,0
DA:143,0
DA:144,0
DA:147,2
DA:151,1
DA:152,0
DA:153,0
DA:154,0
DA:162,2
DA:165,0
DA:168,1
DA:169,0
DA:170,0
DA:178,2
DA:181,0
DA:184,1
DA:188,0
DA:189,0
DA:194,2
DA:198,1
DA:202,0
DA:203,0
DA:206,2
DA:212,1
DA:217,0
DA:221,0
DA:224,0
DA:230,1
DA:235,0
DA:239,0
LF:82
LH:50
BRF:0
BRH:0
end_of_record
TN:
SF:src/users/users.service.ts
FN:19,(anonymous_4)
FN:23,(anonymous_5)
FN:33,(anonymous_6)
FN:40,(anonymous_7)
FN:45,(anonymous_8)
FN:106,(anonymous_9)
FN:120,(anonymous_10)
FN:129,(anonymous_11)
FN:133,(anonymous_12)
FN:146,(anonymous_13)
FN:159,(anonymous_14)
FN:192,(anonymous_15)
FN:223,(anonymous_16)
FNF:13
FNH:0
FNDA:0,(anonymous_4)
FNDA:0,(anonymous_5)
FNDA:0,(anonymous_6)
FNDA:0,(anonymous_7)
FNDA:0,(anonymous_8)
FNDA:0,(anonymous_9)
FNDA:0,(anonymous_10)
FNDA:0,(anonymous_11)
FNDA:0,(anonymous_12)
FNDA:0,(anonymous_13)
FNDA:0,(anonymous_14)
FNDA:0,(anonymous_15)
FNDA:0,(anonymous_16)
DA:2,1
DA:3,1
DA:4,1
DA:5,1
DA:7,1
DA:8,1
DA:11,1
DA:12,1
DA:16,1
DA:17,0
DA:20,0
DA:27,0
DA:28,0
DA:29,0
DA:33,0
DA:34,0
DA:40,0
DA:42,0
DA:49,0
DA:51,0
DA:52,0
DA:53,0
DA:62,0
DA:63,0
DA:69,0
DA:70,0
DA:73,0
DA:74,0
DA:79,0
DA:80,0
DA:81,0
DA:82,0
DA:84,0
DA:89,0
DA:90,0
DA:94,0
DA:96,0
DA:100,0
DA:102,0
DA:107,0
DA:111,0
DA:112,0
DA:114,0
DA:115,0
DA:120,0
DA:121,0
DA:126,0
DA:130,0
DA:134,0
DA:143,0
DA:147,0
DA:156,0
DA:163,0
DA:164,0
DA:168,0
DA:169,0
DA:177,0
DA:178,0
DA:181,0
DA:183,0
DA:187,0
DA:194,0
DA:195,0
DA:196,0
DA:197,0
DA:199,0
DA:220,0
DA:224,0
DA:236,0
LF:69
LH:9
BRDA:62,0,0,0
BRDA:69,1,0,0
BRDA:73,2,0,0
BRDA:79,3,0,0
BRDA:96,4,0,0
BRDA:97,5,0,0
BRDA:97,5,1,0
BRDA:111,6,0,0
BRDA:183,7,0,0
BRDA:184,8,0,0
BRDA:184,8,1,0
BRDA:195,9,0,0
BRDA:202,10,0,0
BRDA:202,10,1,0
BRDA:206,11,0,0
BRDA:206,11,1,0
BRDA:227,12,0,0
BRDA:227,12,1,0
BRDA:231,13,0,0
BRDA:231,13,1,0
BRF:20
BRH:0
end_of_record
TN:
SF:src/users/dto/get-user.input.ts
FN:30,(anonymous_2)
FN:37,(anonymous_3)
FNF:2
FNH:2
FNDA:1,(anonymous_2)
FNDA:1,(anonymous_3)
DA:1,1
DA:2,1
DA:3,1
DA:5,1
DA:29,1
DA:30,1
DA:37,1
DA:45,1
LF:8
LH:8
BRF:0
BRH:0
end_of_record
TN:
SF:src/users/dto/register.input.ts
FN:63,(anonymous_2)
FNF:1
FNH:1
FNDA:4,(anonymous_2)
DA:1,1
DA:2,1
DA:9,1
DA:10,1
DA:11,1
DA:12,1
DA:13,1
DA:16,1
DA:17,1
DA:22,1
DA:28,1
DA:34,1
DA:39,1
DA:47,1
DA:55,1
DA:63,4
DA:73,1
LF:17
LH:17
BRF:0
BRH:0
end_of_record
TN:
SF:src/users/dto/update.input.ts
FNF:0
FNH:0
DA:1,1
DA:2,1
DA:5,1
LF:3
LH:3
BRF:0
BRH:0
end_of_record
TN:
SF:src/users/entities/user.entity.ts
FN:86,(anonymous_2)
FN:92,(anonymous_3)
FN:97,(anonymous_4)
FN:97,(anonymous_5)
FN:98,(anonymous_6)
FNF:5
FNH:5
FNDA:3,(anonymous_2)
FNDA:3,(anonymous_3)
FNDA:1,(anonymous_4)
FNDA:1,(anonymous_5)
FNDA:3,(anonymous_6)
DA:1,1
DA:2,1
DA:3,1
DA:4,1
DA:5,1
DA:16,1
DA:17,1
DA:28,1
DA:32,1
DA:35,1
DA:44,1
DA:55,1
DA:63,1
DA:69,1
DA:77,1
DA:85,1
DA:86,3
DA:91,1
DA:92,3
DA:97,1
DA:98,3
LF:21
LH:21
BRF:0
BRH:0
end_of_record
